Log file open, 08/12/18 18:53:40
LogWindows: Failed to load 'aqProf.dll' (GetLastError=126)
LogWindows: File 'aqProf.dll' does not exist
LogWindows: Failed to load 'VSPerf140.dll' (GetLastError=126)
LogWindows: File 'VSPerf140.dll' does not exist
LogWindows: Failed to load 'VtuneApi.dll' (GetLastError=126)
LogWindows: File 'VtuneApi.dll' does not exist
LogWindows: Failed to load 'VtuneApi32e.dll' (GetLastError=126)
LogWindows: File 'VtuneApi32e.dll' does not exist
LogInit: Display: Running engine for game: TPStut
LogPlatformFile: Not using cached read wrapper
LogInit: Display: RandInit(-151780884) SRandInit(-151780884).
LogInit: Read version file with build ID '3709383'
LogInit: Overriding engine version to CL 3832480, compatible CL 3709383
LogInit: Registered custom module enumerator with build ID '3709383'
LogTaskGraph: Started task graph with 5 named threads and 14 total threads with 3 sets of task threads.
LogStats: Stats thread started at 0.189387
LogD3D11RHI: Aftermath initialized
LogConfig: Warning: Failed to saved backup for config[Engine]
LogConfig: Warning: Failed to saved backup for config[Game]
LogConfig: Warning: Failed to saved backup for config[Input]
LogConfig: Warning: Failed to saved backup for config[Editor]
LogConfig: Warning: Failed to saved backup for config[EditorPerProjectUserSettings]
LogConfig: Warning: Failed to saved backup for config[EditorSettings]
LogConfig: Warning: Failed to saved backup for config[EditorLayout]
LogConfig: Warning: Failed to saved backup for config[EditorKeyBindings]
LogConfig: Warning: Failed to saved backup for config[Compat]
LogConfig: Warning: Failed to saved backup for config[Lightmass]
LogConfig: Warning: Failed to saved backup for config[Scalability]
LogConfig: Warning: Failed to saved backup for config[Hardware]
LogConfig: Warning: Failed to saved backup for config[GameUserSettings]
LogModuleManager: Display: Found up-to-date module file ../../../Engine/Plugins/2D/Paper2D/Binaries/Win64/UE4Editor-Paper2D.dll (API version 3709383).
LogModuleManager: Display: Found up-to-date module file ../../../Engine/Plugins/2D/Paper2D/Binaries/Win64/UE4Editor-Paper2DEditor.dll (API version 3709383).
LogModuleManager: Display: Found up-to-date module file ../../../Engine/Plugins/2D/Paper2D/Binaries/Win64/UE4Editor-PaperSpriteSheetImporter.dll (API version 3709383).
LogModuleManager: Display: Found up-to-date module file ../../../Engine/Plugins/2D/Paper2D/Binaries/Win64/UE4Editor-PaperTiledImporter.dll (API version 3709383).
LogModuleManager: Display: Found up-to-date module file ../../../Engine/Plugins/2D/Paper2D/Binaries/Win64/UE4Editor-SmartSnapping.dll (API version 3709383).
LogModuleManager: Display: Found up-to-date module file ../../../Engine/Plugins/Blendables/LightPropagationVolume/Binaries/Win64/UE4Editor-LightPropagationVolumeRuntime.dll (API version 3709383).
LogModuleManager: Display: Found up-to-date module file ../../../Engine/Plugins/Blendables/LightPropagationVolume/Binaries/Win64/UE4Editor-LightPropagationVolumeEditor.dll (API version 3709383).
LogModuleManager: Display: Found up-to-date module file ../../../Engine/Plugins/Developer/GitSourceControl/Binaries/Win64/UE4Editor-GitSourceControl.dll (API version 3709383).
LogModuleManager: Display: Found up-to-date module file ../../../Engine/Plugins/Developer/PerforceSourceControl/Binaries/Win64/UE4Editor-PerforceSourceControl.dll (API version 3709383).
LogModuleManager: Display: Found up-to-date module file ../../../Engine/Plugins/Developer/SubversionSourceControl/Binaries/Win64/UE4Editor-SubversionSourceControl.dll (API version 3709383).
LogModuleManager: Display: Found up-to-date module file ../../../Engine/Plugins/Developer/UObjectPlugin/Binaries/Win64/UE4Editor-UObjectPlugin.dll (API version 3709383).
LogModuleManager: Display: Found up-to-date module file ../../../Engine/Plugins/Developer/VisualStudioCodeSourceCodeAccess/Binaries/Win64/UE4Editor-VisualStudioCodeSourceCodeAccess.dll (API version 3709383).
LogModuleManager: Display: Found up-to-date module file ../../../Engine/Plugins/Developer/VisualStudioSourceCodeAccess/Binaries/Win64/UE4Editor-VisualStudioSourceCodeAccess.dll (API version 3709383).
LogModuleManager: Display: Found up-to-date module file ../../../Engine/Plugins/Editor/AssetManagerEditor/Binaries/Win64/UE4Editor-AssetManagerEditor.dll (API version 3709383).
LogModuleManager: Display: Found up-to-date module file ../../../Engine/Plugins/Editor/AudioCapture/Binaries/Win64/UE4Editor-AudioCapture.dll (API version 3709383).
LogModuleManager: Display: Found up-to-date module file ../../../Engine/Plugins/Editor/FacialAnimation/Binaries/Win64/UE4Editor-FacialAnimation.dll (API version 3709383).
LogModuleManager: Display: Found up-to-date module file ../../../Engine/Plugins/Editor/FacialAnimation/Binaries/Win64/UE4Editor-FacialAnimationEditor.dll (API version 3709383).
LogModuleManager: Display: Found up-to-date module file ../../../Engine/Plugins/Editor/GameplayTagsEditor/Binaries/Win64/UE4Editor-GameplayTagsEditor.dll (API version 3709383).
LogModuleManager: Display: Found up-to-date module file ../../../Engine/Plugins/Editor/MobileLauncherProfileWizard/Binaries/Win64/UE4Editor-MobileLauncherProfileWizard.dll (API version 3709383).
LogModuleManager: Display: Found up-to-date module file ../../../Engine/Plugins/Editor/PluginBrowser/Binaries/Win64/UE4Editor-PluginBrowser.dll (API version 3709383).
LogModuleManager: Display: Found up-to-date module file ../../../Engine/Plugins/Editor/SpeedTreeImporter/Binaries/Win64/UE4Editor-SpeedTreeImporter.dll (API version 3709383).
LogModuleManager: Display: Found up-to-date module file ../../../Engine/Plugins/Experimental/AlembicImporter/Binaries/Win64/UE4Editor-AlembicImporter.dll (API version 3709383).
LogModuleManager: Display: Found up-to-date module file ../../../Engine/Plugins/Experimental/AlembicImporter/Binaries/Win64/UE4Editor-AlembicLibrary.dll (API version 3709383).
LogModuleManager: Display: Found up-to-date module file ../../../Engine/Plugins/Experimental/CharacterAI/Binaries/Win64/UE4Editor-CharacterAI.dll (API version 3709383).
LogModuleManager: Display: Found up-to-date module file ../../../Engine/Plugins/Experimental/HTML5Networking/Binaries/Win64/UE4Editor-HTML5Networking.dll (API version 3709383).
LogModuleManager: Display: Found up-to-date module file ../../../Engine/Plugins/Media/AndroidMedia/Binaries/Win64/UE4Editor-AndroidMediaEditor.dll (API version 3709383).
LogModuleManager: Display: Found up-to-date module file ../../../Engine/Plugins/Media/AndroidMedia/Binaries/Win64/UE4Editor-AndroidMediaFactory.dll (API version 3709383).
LogModuleManager: Display: Found up-to-date module file ../../../Engine/Plugins/Media/AvfMedia/Binaries/Win64/UE4Editor-AvfMediaEditor.dll (API version 3709383).
LogModuleManager: Display: Found up-to-date module file ../../../Engine/Plugins/Media/AvfMedia/Binaries/Win64/UE4Editor-AvfMediaFactory.dll (API version 3709383).
LogModuleManager: Display: Found up-to-date module file ../../../Engine/Plugins/Media/AvfMedia/Binaries/Win64/UE4Editor-AvfMediaFactory.dll (API version 3709383).
LogModuleManager: Display: Found up-to-date module file ../../../Engine/Plugins/Media/ImgMedia/Binaries/Win64/UE4Editor-ImgMedia.dll (API version 3709383).
LogModuleManager: Display: Found up-to-date module file ../../../Engine/Plugins/Media/ImgMedia/Binaries/Win64/UE4Editor-ImgMediaEditor.dll (API version 3709383).
LogModuleManager: Display: Found up-to-date module file ../../../Engine/Plugins/Media/ImgMedia/Binaries/Win64/UE4Editor-ImgMediaFactory.dll (API version 3709383).
LogModuleManager: Display: Found up-to-date module file ../../../Engine/Plugins/Media/ImgMedia/Binaries/Win64/UE4Editor-ImgMediaFactory.dll (API version 3709383).
LogModuleManager: Display: Found up-to-date module file ../../../Engine/Plugins/Media/ImgMedia/Binaries/Win64/UE4Editor-OpenExrWrapper.dll (API version 3709383).
LogModuleManager: Display: Found up-to-date module file ../../../Engine/Plugins/Media/MediaCompositing/Binaries/Win64/UE4Editor-MediaCompositing.dll (API version 3709383).
LogModuleManager: Display: Found up-to-date module file ../../../Engine/Plugins/Media/MediaCompositing/Binaries/Win64/UE4Editor-MediaCompositingEditor.dll (API version 3709383).
LogModuleManager: Display: Found up-to-date module file ../../../Engine/Plugins/Media/MediaPlayerEditor/Binaries/Win64/UE4Editor-MediaPlayerEditor.dll (API version 3709383).
LogModuleManager: Display: Found up-to-date module file ../../../Engine/Plugins/Media/WmfMedia/Binaries/Win64/UE4Editor-WmfMedia.dll (API version 3709383).
LogModuleManager: Display: Found up-to-date module file ../../../Engine/Plugins/Media/WmfMedia/Binaries/Win64/UE4Editor-WmfMediaEditor.dll (API version 3709383).
LogModuleManager: Display: Found up-to-date module file ../../../Engine/Plugins/Media/WmfMedia/Binaries/Win64/UE4Editor-WmfMediaFactory.dll (API version 3709383).
LogModuleManager: Display: Found up-to-date module file ../../../Engine/Plugins/Media/WmfMedia/Binaries/Win64/UE4Editor-WmfMediaFactory.dll (API version 3709383).
LogModuleManager: Display: Found up-to-date module file ../../../Engine/Plugins/Messaging/TcpMessaging/Binaries/Win64/UE4Editor-TcpMessaging.dll (API version 3709383).
LogModuleManager: Display: Found up-to-date module file ../../../Engine/Plugins/Messaging/UdpMessaging/Binaries/Win64/UE4Editor-UdpMessaging.dll (API version 3709383).
LogModuleManager: Display: Found up-to-date module file ../../../Engine/Plugins/MovieScene/ActorSequence/Binaries/Win64/UE4Editor-ActorSequence.dll (API version 3709383).
LogModuleManager: Display: Found up-to-date module file ../../../Engine/Plugins/MovieScene/LevelSequenceEditor/Binaries/Win64/UE4Editor-LevelSequenceEditor.dll (API version 3709383).
LogModuleManager: Display: Found up-to-date module file ../../../Engine/Plugins/MovieScene/MatineeToLevelSequence/Binaries/Win64/UE4Editor-MatineeToLevelSequence.dll (API version 3709383).
LogModuleManager: Display: Found up-to-date module file ../../../Engine/Plugins/Online/OnlineSubsystem/Binaries/Win64/UE4Editor-OnlineSubsystem.dll (API version 3709383).
LogModuleManager: Display: Found up-to-date module file ../../../Engine/Plugins/Runtime/AndroidPermission/Binaries/Win64/UE4Editor-AndroidPermission.dll (API version 3709383).
LogModuleManager: Display: Found up-to-date module file ../../../Engine/Plugins/Online/OnlineSubsystemNull/Binaries/Win64/UE4Editor-OnlineSubsystemNull.dll (API version 3709383).
LogModuleManager: Display: Found up-to-date module file ../../../Engine/Plugins/Online/OnlineSubsystemUtils/Binaries/Win64/UE4Editor-OnlineSubsystemUtils.dll (API version 3709383).
LogModuleManager: Display: Found up-to-date module file ../../../Engine/Plugins/Online/OnlineSubsystemUtils/Binaries/Win64/UE4Editor-OnlineBlueprintSupport.dll (API version 3709383).
LogModuleManager: Display: Found up-to-date module file ../../../Engine/Plugins/Runtime/AndroidDeviceProfileSelector/Binaries/Win64/UE4Editor-AndroidDeviceProfileSelector.dll (API version 3709383).
LogModuleManager: Display: Found up-to-date module file ../../../Engine/Plugins/Runtime/AppleARKit/Binaries/Win64/UE4Editor-AppleARKit.dll (API version 3709383).
LogModuleManager: Display: Found up-to-date module file ../../../Engine/Plugins/Runtime/ArchVisCharacter/Binaries/Win64/UE4Editor-ArchVisCharacter.dll (API version 3709383).
LogModuleManager: Display: Found up-to-date module file ../../../Engine/Plugins/Runtime/CableComponent/Binaries/Win64/UE4Editor-CableComponent.dll (API version 3709383).
LogModuleManager: Display: Found up-to-date module file ../../../Engine/Plugins/Runtime/CustomMeshComponent/Binaries/Win64/UE4Editor-CustomMeshComponent.dll (API version 3709383).
LogModuleManager: Display: Found up-to-date module file ../../../Engine/Plugins/Runtime/ExampleDeviceProfileSelector/Binaries/Win64/UE4Editor-ExampleDeviceProfileSelector.dll (API version 3709383).
LogModuleManager: Display: Found up-to-date module file ../../../Engine/Plugins/Runtime/ImmediatePhysics/Binaries/Win64/UE4Editor-ImmediatePhysics.dll (API version 3709383).
LogModuleManager: Display: Found up-to-date module file ../../../Engine/Plugins/Runtime/ImmediatePhysics/Binaries/Win64/UE4Editor-ImmediatePhysicsEditor.dll (API version 3709383).
LogModuleManager: Display: Found up-to-date module file ../../../Engine/Plugins/Runtime/LocationServicesBPLibrary/Binaries/Win64/UE4Editor-LocationServicesBPLibrary.dll (API version 3709383).
LogModuleManager: Display: Found up-to-date module file ../../../Engine/Plugins/Runtime/MobilePatchingUtils/Binaries/Win64/UE4Editor-MobilePatchingUtils.dll (API version 3709383).
LogModuleManager: Display: Found up-to-date module file ../../../Engine/Plugins/Runtime/Oculus/OculusVR/Binaries/Win64/UE4Editor-OculusHMD.dll (API version 3709383).
LogModuleManager: Display: Found up-to-date module file ../../../Engine/Plugins/Runtime/Oculus/OculusVR/Binaries/Win64/UE4Editor-OculusInput.dll (API version 3709383).
LogModuleManager: Display: Found up-to-date module file ../../../Engine/Plugins/Runtime/Oculus/OculusVR/Binaries/Win64/UE4Editor-OculusEditor.dll (API version 3709383).
LogModuleManager: Display: Found up-to-date module file ../../../Engine/Plugins/Runtime/PhysXVehicles/Binaries/Win64/UE4Editor-PhysXVehicles.dll (API version 3709383).
LogModuleManager: Display: Found up-to-date module file ../../../Engine/Plugins/Runtime/PhysXVehicles/Binaries/Win64/UE4Editor-PhysXVehiclesEditor.dll (API version 3709383).
LogModuleManager: Display: Found up-to-date module file ../../../Engine/Plugins/Runtime/ProceduralMeshComponent/Binaries/Win64/UE4Editor-ProceduralMeshComponent.dll (API version 3709383).
LogModuleManager: Display: Found up-to-date module file ../../../Engine/Plugins/Runtime/ProceduralMeshComponent/Binaries/Win64/UE4Editor-ProceduralMeshComponentEditor.dll (API version 3709383).
LogModuleManager: Display: Found up-to-date module file ../../../Engine/Plugins/Runtime/RuntimePhysXCooking/Binaries/Win64/UE4Editor-RuntimePhysXCooking.dll (API version 3709383).
LogModuleManager: Display: Found up-to-date module file ../../../Engine/Plugins/Runtime/Steam/SteamVR/Binaries/Win64/UE4Editor-SteamVR.dll (API version 3709383).
LogModuleManager: Display: Found up-to-date module file ../../../Engine/Plugins/Runtime/Steam/SteamVR/Binaries/Win64/UE4Editor-SteamVRController.dll (API version 3709383).
LogModuleManager: Display: Found up-to-date module file ../../../Engine/Plugins/Runtime/WindowsMoviePlayer/Binaries/Win64/UE4Editor-WindowsMoviePlayer.dll (API version 3709383).
LogPluginManager: Mounting plugin Paper2D
LogConfig: Warning: Failed to saved backup for config[Paper2D]
LogPluginManager: Mounting plugin LightPropagationVolume
LogConfig: Warning: Failed to saved backup for config[LightPropagationVolume]
LogPluginManager: Mounting plugin CodeLiteSourceCodeAccess
LogConfig: Warning: Failed to saved backup for config[CodeLiteSourceCodeAccess]
LogPluginManager: Mounting plugin GitSourceControl
LogConfig: Warning: Failed to saved backup for config[GitSourceControl]
LogPluginManager: Mounting plugin KDevelopSourceCodeAccess
LogConfig: Warning: Failed to saved backup for config[KDevelopSourceCodeAccess]
LogPluginManager: Mounting plugin NullSourceCodeAccess
LogConfig: Warning: Failed to saved backup for config[NullSourceCodeAccess]
LogPluginManager: Mounting plugin PerforceSourceControl
LogConfig: Warning: Failed to saved backup for config[PerforceSourceControl]
LogPluginManager: Mounting plugin SubversionSourceControl
LogConfig: Warning: Failed to saved backup for config[SubversionSourceControl]
LogPluginManager: Mounting plugin UObjectPlugin
LogConfig: Warning: Failed to saved backup for config[UObjectPlugin]
LogPluginManager: Mounting plugin VisualStudioCodeSourceCodeAccess
LogConfig: Warning: Failed to saved backup for config[VisualStudioCodeSourceCodeAccess]
LogPluginManager: Mounting plugin VisualStudioSourceCodeAccess
LogConfig: Warning: Failed to saved backup for config[VisualStudioSourceCodeAccess]
LogPluginManager: Mounting plugin XCodeSourceCodeAccess
LogConfig: Warning: Failed to saved backup for config[XCodeSourceCodeAccess]
LogPluginManager: Mounting plugin AssetManagerEditor
LogConfig: Warning: Failed to saved backup for config[AssetManagerEditor]
LogPluginManager: Mounting plugin AudioCapture
LogConfig: Warning: Failed to saved backup for config[AudioCapture]
LogPluginManager: Mounting plugin FacialAnimation
LogConfig: Warning: Failed to saved backup for config[FacialAnimation]
LogPluginManager: Mounting plugin GameplayTagsEditor
LogConfig: Warning: Failed to saved backup for config[GameplayTagsEditor]
LogPluginManager: Mounting plugin MobileLauncherProfileWizard
LogConfig: Warning: Failed to saved backup for config[MobileLauncherProfileWizard]
LogPluginManager: Mounting plugin PluginBrowser
LogConfig: Warning: Failed to saved backup for config[PluginBrowser]
LogPluginManager: Mounting plugin SpeedTreeImporter
LogConfig: Warning: Failed to saved backup for config[SpeedTreeImporter]
LogPluginManager: Mounting plugin AlembicImporter
LogConfig: Warning: Failed to saved backup for config[AlembicImporter]
LogPluginManager: Mounting plugin CharacterAI
LogConfig: Warning: Failed to saved backup for config[CharacterAI]
LogPluginManager: Mounting plugin HTML5Networking
LogConfig: Warning: Failed to saved backup for config[HTML5Networking]
LogPluginManager: Mounting plugin AndroidMedia
LogConfig: Warning: Failed to saved backup for config[AndroidMedia]
LogPluginManager: Mounting plugin AvfMedia
LogConfig: Warning: Failed to saved backup for config[AvfMedia]
LogPluginManager: Mounting plugin ImgMedia
LogConfig: Warning: Failed to saved backup for config[ImgMedia]
LogPluginManager: Mounting plugin MediaCompositing
LogConfig: Warning: Failed to saved backup for config[MediaCompositing]
LogPluginManager: Mounting plugin MediaPlayerEditor
LogConfig: Warning: Failed to saved backup for config[MediaPlayerEditor]
LogPluginManager: Mounting plugin WmfMedia
LogConfig: Warning: Failed to saved backup for config[WmfMedia]
LogPluginManager: Mounting plugin TcpMessaging
LogConfig: Warning: Failed to saved backup for config[TcpMessaging]
LogPluginManager: Mounting plugin UdpMessaging
LogConfig: Warning: Failed to saved backup for config[UdpMessaging]
LogPluginManager: Mounting plugin ActorSequence
LogConfig: Warning: Failed to saved backup for config[ActorSequence]
LogPluginManager: Mounting plugin LevelSequenceEditor
LogConfig: Warning: Failed to saved backup for config[LevelSequenceEditor]
LogPluginManager: Mounting plugin MatineeToLevelSequence
LogConfig: Warning: Failed to saved backup for config[MatineeToLevelSequence]
LogPluginManager: Mounting plugin OnlineSubsystemGooglePlay
LogConfig: Warning: Failed to saved backup for config[OnlineSubsystemGooglePlay]
LogPluginManager: Mounting plugin OnlineSubsystemIOS
LogConfig: Warning: Failed to saved backup for config[OnlineSubsystemIOS]
LogPluginManager: Mounting plugin OnlineSubsystem
LogConfig: Warning: Failed to saved backup for config[OnlineSubsystem]
LogPluginManager: Mounting plugin OnlineSubsystemNull
LogConfig: Warning: Failed to saved backup for config[OnlineSubsystemNull]
LogPluginManager: Mounting plugin OnlineSubsystemUtils
LogConfig: Warning: Failed to saved backup for config[OnlineSubsystemUtils]
LogPluginManager: Mounting plugin AndroidDeviceProfileSelector
LogConfig: Warning: Failed to saved backup for config[AndroidDeviceProfileSelector]
LogPluginManager: Mounting plugin AndroidMoviePlayer
LogConfig: Warning: Failed to saved backup for config[AndroidMoviePlayer]
LogPluginManager: Mounting plugin AndroidPermission
LogConfig: Warning: Failed to saved backup for config[AndroidPermission]
LogPluginManager: Mounting plugin AppleARKit
LogConfig: Warning: Failed to saved backup for config[AppleARKit]
LogPluginManager: Mounting plugin AppleMoviePlayer
LogConfig: Warning: Failed to saved backup for config[AppleMoviePlayer]
LogPluginManager: Mounting plugin ArchVisCharacter
LogConfig: Warning: Failed to saved backup for config[ArchVisCharacter]
LogPluginManager: Mounting plugin CableComponent
LogConfig: Warning: Failed to saved backup for config[CableComponent]
LogPluginManager: Mounting plugin CustomMeshComponent
LogConfig: Warning: Failed to saved backup for config[CustomMeshComponent]
LogPluginManager: Mounting plugin ExampleDeviceProfileSelector
LogConfig: Warning: Failed to saved backup for config[ExampleDeviceProfileSelector]
LogPluginManager: Mounting plugin GoogleCloudMessaging
LogConfig: Warning: Failed to saved backup for config[GoogleCloudMessaging]
LogPluginManager: Mounting plugin ImmediatePhysics
LogConfig: Warning: Failed to saved backup for config[ImmediatePhysics]
LogPluginManager: Mounting plugin IOSDeviceProfileSelector
LogConfig: Warning: Failed to saved backup for config[IOSDeviceProfileSelector]
LogPluginManager: Mounting plugin LinuxDeviceProfileSelector
LogConfig: Warning: Failed to saved backup for config[LinuxDeviceProfileSelector]
LogPluginManager: Mounting plugin LocationServicesBPLibrary
LogConfig: Warning: Failed to saved backup for config[LocationServicesBPLibrary]
LogPluginManager: Mounting plugin MobilePatchingUtils
LogConfig: Warning: Failed to saved backup for config[MobilePatchingUtils]
LogPluginManager: Mounting plugin OculusVR
LogPluginManager: Plugin shader directory ../../../Engine/Plugins/Runtime/Oculus/OculusVR/Shaders found
LogPluginManager: Mapping shader source directory ../../../Engine/Plugins/Runtime/Oculus/OculusVR/Shaders to virtual directory /Plugin/OculusVR
LogConfig: Warning: Failed to saved backup for config[OculusVR]
LogPluginManager: Mounting plugin PhysXVehicles
LogConfig: Warning: Failed to saved backup for config[PhysXVehicles]
LogPluginManager: Mounting plugin ProceduralMeshComponent
LogConfig: Warning: Failed to saved backup for config[ProceduralMeshComponent]
LogPluginManager: Mounting plugin RuntimePhysXCooking
LogConfig: Warning: Failed to saved backup for config[RuntimePhysXCooking]
LogPluginManager: Mounting plugin SteamVR
LogConfig: Warning: Failed to saved backup for config[SteamVR]
LogPluginManager: Mounting plugin WindowsMoviePlayer
LogConfig: Warning: Failed to saved backup for config[WindowsMoviePlayer]
LogInit: Using libcurl 7.47.1
LogInit:  - built for x86_64-pc-win32
LogInit:  - supports SSL with OpenSSL/1.0.2g
LogInit:  - supports HTTP deflate (compression) using libz 1.2.8
LogInit:  - other features:
LogInit:      CURL_VERSION_SSL
LogInit:      CURL_VERSION_LIBZ
LogInit:      CURL_VERSION_IPV6
LogInit:      CURL_VERSION_ASYNCHDNS
LogInit:      CURL_VERSION_LARGEFILE
LogInit:      CURL_VERSION_IDN
LogInit:  CurlRequestOptions (configurable via config and command line):
LogInit:  - bVerifyPeer = false  - Libcurl will NOT verify peer certificate
LogInit:  - bUseHttpProxy = false  - Libcurl will NOT use HTTP proxy
LogInit:  - bDontReuseConnections = false  - Libcurl will reuse connections
LogInit:  - CertBundlePath = nullptr  - Libcurl will use whatever was configured at build time.
LogInit: Build: ++UE4+Release-4.18-CL-3832480
LogInit: Engine Version: 4.18.3-3832480+++UE4+Release-4.18
LogInit: Compatible Engine Version: 4.18.0-3709383+++UE4+Release-4.18
LogInit: Net CL: 3709383
LogDevObjectVersion: Number of dev versions registered: 16
LogDevObjectVersion:   Dev-Blueprints (B0D832E4-1F89-4F0D-ACCF-7EB736FD4AA2): 10
LogDevObjectVersion:   Dev-Build (E1C64328-A22C-4D53-A36C-8E866417BD8C): 0
LogDevObjectVersion:   Dev-Core (375EC13C-06E4-48FB-B500-84F0262A717E): 2
LogDevObjectVersion:   Dev-Editor (E4B068ED-F494-42E9-A231-DA0B2E46BB41): 20
LogDevObjectVersion:   Dev-Framework (CFFC743F-43B0-4480-9391-14DF171D2073): 30
LogDevObjectVersion:   Dev-Mobile (B02B49B5-BB20-44E9-A304-32B752E40360): 0
LogDevObjectVersion:   Dev-Networking (A4E4105C-59A1-49B5-A7C5-40C4547EDFEE): 0
LogDevObjectVersion:   Dev-Online (39C831C9-5AE6-47DC-9A44-9C173E1C8E7C): 0
LogDevObjectVersion:   Dev-Physics (78F01B33-EBEA-4F98-B9B4-84EACCB95AA2): 0
LogDevObjectVersion:   Dev-Platform (6631380F-2D4D-43E0-8009-CF276956A95A): 0
LogDevObjectVersion:   Dev-Rendering (12F88B9F-8875-4AFC-A67C-D90C383ABD29): 20
LogDevObjectVersion:   Dev-Sequencer (7B5AE74C-D270-4C10-A958-57980B212A5A): 4
LogDevObjectVersion:   Dev-VR (D7296918-1DD6-4BDD-9DE2-64A83CC13884): 0
LogDevObjectVersion:   Dev-LoadTimes (C2A15278-BFE7-4AFE-6C17-90FF531DF755): 1
LogDevObjectVersion:   Private-Geometry (6EACA3D4-40EC-4CC1-B786-8BED09428FC5): 1
LogDevObjectVersion:   Dev-AnimPhys (29E575DD-E0A3-4627-9D10-D276232CDCEA): 12
LogInit: Compiled (64-bit): Jan 12 2018 02:04:55
LogInit: Compiled with Visual C++: 19.00.24215.01
LogInit: Build Configuration: Development
LogInit: Branch Name: ++UE4+Release-4.18
LogInit: Command line: -EpicPortal 
LogInit: Base directory: C:/Program Files/Epic Games/UE_4.18/Engine/Binaries/Win64/
LogInit: Installed Engine Build: 1
LogInit: Presizing for max 8388607 objects, including 0 objects not considered by GC, pre-allocating 0 bytes for permanent pool.
LogInit: Object subsystem initialized
[2018.08.12-09.53.43:027][  0]LogInit: Selected Device Profile: [Windows]
[2018.08.12-09.53.43:028][  0]LogInit: Applying CVar settings loaded from the selected device profile: [Windows]
[2018.08.12-09.53.43:033][  0]LogConfig: Warning: Failed to saved backup for config[DeviceProfiles]
[2018.08.12-09.53.43:034][  0]LogInit: Computer: IKJIN
[2018.08.12-09.53.43:034][  0]LogInit: User: hac62
[2018.08.12-09.53.43:034][  0]LogInit: CPU Page size=4096, Cores=4
[2018.08.12-09.53.43:034][  0]LogInit: High frequency timer resolution =2.742185 MHz
[2018.08.12-09.53.43:035][  0]LogMemory: Memory total: Physical=15.9GB (16GB approx)
[2018.08.12-09.53.43:035][  0]LogMemory: Platform Memory Stats for Windows
[2018.08.12-09.53.43:035][  0]LogMemory: Process Physical Memory: 272.58 MB used, 272.58 MB peak
[2018.08.12-09.53.43:035][  0]LogMemory: Process Virtual Memory: 269.76 MB used, 269.76 MB peak
[2018.08.12-09.53.43:035][  0]LogMemory: Physical Memory: 6332.77 MB used,  9971.83 MB free, 16304.59 MB total
[2018.08.12-09.53.43:035][  0]LogMemory: Virtual Memory: 4773.61 MB used,  9971.83 MB free, 134217728.00 MB total
[2018.08.12-09.53.43:332][  0]LogInit: Using OS detected language (ko-KR).
[2018.08.12-09.53.43:333][  0]LogInit: Using OS detected locale (ko-KR).
[2018.08.12-09.53.43:336][  0]LogTextLocalizationManager: No specific localization for 'ko-KR' exists, so the 'ko' localization will be used.
[2018.08.12-09.53.43:917][  0]LogD3D11RHI: D3D11 adapters:
[2018.08.12-09.53.43:980][  0]LogD3D11RHI:    0. 'NVIDIA GeForce GTX 1050 Ti' (Feature Level 11_0)
[2018.08.12-09.53.43:980][  0]LogD3D11RHI:       4053/0/8152 MB DedicatedVideo/DedicatedSystem/SharedSystem, Outputs:1, VendorId:0x10de
[2018.08.12-09.53.43:995][  0]LogD3D11RHI:    1. 'Intel(R) HD Graphics 630' (Feature Level 11_0)
[2018.08.12-09.53.43:995][  0]LogD3D11RHI:       128/0/8152 MB DedicatedVideo/DedicatedSystem/SharedSystem, Outputs:0, VendorId:0x8086
[2018.08.12-09.53.43:997][  0]LogD3D11RHI:    2. 'Microsoft Basic Render Driver' (Feature Level 11_0)
[2018.08.12-09.53.43:997][  0]LogD3D11RHI:       0/0/8152 MB DedicatedVideo/DedicatedSystem/SharedSystem, Outputs:0, VendorId:0x1414
[2018.08.12-09.53.43:997][  0]LogD3D11RHI: Chosen D3D11 Adapter: 0
[2018.08.12-09.53.44:024][  0]LogD3D11RHI: Creating new Direct3DDevice
[2018.08.12-09.53.44:024][  0]LogD3D11RHI:     GPU DeviceId: 0x1c8c (for the marketing name, search the web for "GPU Device Id")
[2018.08.12-09.53.44:024][  0]LogWindows: EnumDisplayDevices:
[2018.08.12-09.53.44:024][  0]LogWindows:    0. 'Intel(R) HD Graphics 630' (P:1 D:1)
[2018.08.12-09.53.44:025][  0]LogWindows:    1. 'Intel(R) HD Graphics 630' (P:0 D:0)
[2018.08.12-09.53.44:026][  0]LogWindows:    2. 'Intel(R) HD Graphics 630' (P:0 D:0)
[2018.08.12-09.53.44:026][  0]LogWindows: DebugString: GetVideoDriverDetailsInvalid PrimaryIsNotTheChoosenAdapter GetVideoDriverDetailsInvalid PrimaryIsNotTheChoosenAdapter GetVideoDriverDetailsInvalid PrimaryIsNotTheChoosenAdapter FoundDriverCount:0 
[2018.08.12-09.53.44:026][  0]LogD3D11RHI:     Adapter Name: NVIDIA GeForce GTX 1050 Ti
[2018.08.12-09.53.44:026][  0]LogD3D11RHI:   Driver Version: Unknown (internal:Unknown, unified:Unknown)
[2018.08.12-09.53.44:026][  0]LogD3D11RHI:      Driver Date: Unknown
[2018.08.12-09.53.44:026][  0]LogRHI: Texture pool is 2837 MB (70% of 4053 MB)
[2018.08.12-09.53.44:061][  0]LogD3D11RHI: Async texture creation enabled
[2018.08.12-09.53.44:074][  0]LogD3D11RHI: GPU Timing Frequency: 1000.000000 (Debug: 2 1)
[2018.08.12-09.53.44:076][  0]LogShaderCompilers: Guid format shader working directory is 3 characters bigger than the processId version (D:/Unreal Project/TutorialWorkspace/TPStut/Intermediate/Shaders/WorkingDirectory/15236/).
[2018.08.12-09.53.44:076][  0]LogShaderCompilers: Cleaned the shader compiler working directory 'C:/Users/hac62/AppData/Local/Temp/UnrealShaderWorkingDir/49878ED5460C25E448F8BD8BFE62F4C9/'.
[2018.08.12-09.53.44:076][  0]LogShaderCompilers: Display: Using Local Shader Compiler.
[2018.08.12-09.53.45:172][  0]LogTemp: Display: Loaded TP AllDesktopTargetPlatform
[2018.08.12-09.53.45:261][  0]LogTemp: Display: Loaded TP MacClientTargetPlatform
[2018.08.12-09.53.45:351][  0]LogTemp: Display: Loaded TP MacNoEditorTargetPlatform
[2018.08.12-09.53.45:440][  0]LogTemp: Display: Loaded TP MacServerTargetPlatform
[2018.08.12-09.53.45:526][  0]LogTemp: Display: Loaded TP MacTargetPlatform
[2018.08.12-09.53.45:618][  0]LogTemp: Display: Loaded TP WindowsClientTargetPlatform
[2018.08.12-09.53.45:708][  0]LogTemp: Display: Loaded TP WindowsNoEditorTargetPlatform
[2018.08.12-09.53.45:797][  0]LogTemp: Display: Loaded TP WindowsServerTargetPlatform
[2018.08.12-09.53.45:885][  0]LogTemp: Display: Loaded TP WindowsTargetPlatform
[2018.08.12-09.53.45:973][  0]LogTemp: Display: Loaded TP Android_ASTCTargetPlatform
[2018.08.12-09.53.46:059][  0]LogTemp: Display: Loaded TP Android_ATCTargetPlatform
[2018.08.12-09.53.46:144][  0]LogTemp: Display: Loaded TP Android_DXTTargetPlatform
[2018.08.12-09.53.46:229][  0]LogTemp: Display: Loaded TP Android_ETC1TargetPlatform
[2018.08.12-09.53.46:322][  0]LogTemp: Display: Loaded TP Android_ETC2TargetPlatform
[2018.08.12-09.53.46:501][  0]LogTemp: Display: Loaded TP Android_MultiTargetPlatform
[2018.08.12-09.53.46:501][  0]LogTemp: Display: Loaded TP Android_PVRTCTargetPlatform
[2018.08.12-09.53.46:593][  0]LogTemp: Display: Loaded TP AndroidTargetPlatform
[2018.08.12-09.53.46:671][  0]LogTemp: Display: Loaded TP HTML5TargetPlatform
[2018.08.12-09.53.46:814][  0]LogTemp: Display: Loaded TP IOSTargetPlatform
[2018.08.12-09.53.46:858][  0]LogTemp: Display: Loaded TP TVOSTargetPlatform
[2018.08.12-09.53.46:942][  0]LogTemp: Display: Loaded TP LinuxClientTargetPlatform
[2018.08.12-09.53.47:029][  0]LogTemp: Display: Loaded TP LinuxNoEditorTargetPlatform
[2018.08.12-09.53.47:116][  0]LogTemp: Display: Loaded TP LinuxServerTargetPlatform
[2018.08.12-09.53.47:201][  0]LogTemp: Display: Loaded TP LinuxTargetPlatform
[2018.08.12-09.53.47:202][  0]LogTargetPlatformManager: Display: Building Assets For Windows
[2018.08.12-09.53.48:065][  0]LogDerivedDataCache: Display: Max Cache Size: 512 MB
[2018.08.12-09.53.48:142][  0]LogDerivedDataCache: Loaded boot cache 0.08s 78MB C:/Users/hac62/AppData/Local/UnrealEngine/4.18/DerivedDataCache/Boot.ddc.
[2018.08.12-09.53.48:142][  0]LogDerivedDataCache: Display: Loaded Boot cache: C:/Users/hac62/AppData/Local/UnrealEngine/4.18/DerivedDataCache/Boot.ddc
[2018.08.12-09.53.48:142][  0]LogDerivedDataCache: FDerivedDataBackendGraph:  Pak pak cache file D:/Unreal Project/TutorialWorkspace/TPStut/DerivedDataCache/DDC.ddp not found, will not use a pak cache.
[2018.08.12-09.53.48:142][  0]LogDerivedDataCache: Unable to find inner node Pak for hierarchical cache Hierarchy.
[2018.08.12-09.53.48:142][  0]LogDerivedDataCache: FDerivedDataBackendGraph:  CompressedPak pak cache file D:/Unreal Project/TutorialWorkspace/TPStut/DerivedDataCache/Compressed.ddp not found, will not use a pak cache.
[2018.08.12-09.53.48:142][  0]LogDerivedDataCache: Unable to find inner node CompressedPak for hierarchical cache Hierarchy.
[2018.08.12-09.53.48:159][  0]LogDerivedDataCache: Display: Pak cache opened for reading ../../../Engine/DerivedDataCache/Compressed.ddp.
[2018.08.12-09.53.48:172][  0]LogDerivedDataCache: Using Local data cache path C:/Users/hac62/AppData/Local/UnrealEngine/Common/DerivedDataCache: Writable
[2018.08.12-09.53.48:181][  0]LogMaterial: Verifying Global Shaders for PCD3D_SM5
[2018.08.12-09.53.48:181][  0]LogSlate: Using Freetype 2.6.0
[2018.08.12-09.53.48:181][  0]LogSlate: SlateFontCache - WITH_FREETYPE: 1, WITH_HARFBUZZ: 1
[2018.08.12-09.53.48:181][  0]LogSlate: SlateFontCache - WITH_FREETYPE: 1, WITH_HARFBUZZ: 1
[2018.08.12-09.53.48:605][  0]LogInit: Selected Device Profile: [Windows]
[2018.08.12-09.53.49:147][  0]LogSimplygon: Simplygon DLL not present - disabling.
[2018.08.12-09.53.49:225][  0]LogMeshReduction: Using SimplygonSwarm for distributed automatic mesh merging
[2018.08.12-09.53.49:225][  0]LogMeshReduction: Using QuadricMeshReduction for automatic static mesh reduction
[2018.08.12-09.53.49:225][  0]LogMeshReduction: No automatic skeletal mesh reduction module available
[2018.08.12-09.53.49:225][  0]LogMeshReduction: No automatic mesh merging module available
[2018.08.12-09.53.49:225][  0]LogMeshMerging: No automatic mesh merging module available
[2018.08.12-09.53.49:267][  0]LogNetVersion: TPStut , NetCL: 3709383, EngineNetVer: 2, GameNetVer: 0 (Checksum: 986814764)
[2018.08.12-09.53.49:500][  0]LogAssetRegistry: FAssetRegistry took 0.0266 seconds to start up
[2018.08.12-09.53.49:558][  0]LogConfig: Warning: Failed to saved backup for config[GameplayTagsList]
[2018.08.12-09.53.49:558][  0]LogConfig: Warning: Failed to saved backup for config[GameplayTags]
[2018.08.12-09.53.49:759][  0]LogFileManager: Warning: DeleteFile was unable to delete 'D:/Unreal Project/TutorialWorkspace/TPStut/Intermediate/CachedAssetRegistry.bin', retrying in .5s...
[2018.08.12-09.53.49:759][  0]LogConfig: Warning: Failed to saved backup for config[TemplateDefs]
[2018.08.12-09.53.50:101][  0]LogFileManager: Warning: DeleteFile was unable to delete 'D:/Unreal Project/TutorialWorkspace/TPStut/Intermediate/AssetRegistryCache/4f2003d7.bin', retrying in .5s...
[2018.08.12-09.53.50:602][  0]LogFileManager: Error: Error deleting file 'D:/Unreal Project/TutorialWorkspace/TPStut/Intermediate/CachedAssetRegistry.bin'.
[2018.08.12-09.53.50:602][  0]LogFileManager: Error: Error deleting file 'D:/Unreal Project/TutorialWorkspace/TPStut/Intermediate/AssetRegistryCache/4f2003d7.bin'.
[2018.08.12-09.53.50:605][  0]LogFileManager: Warning: DeleteFile was unable to delete 'D:/Unreal Project/TutorialWorkspace/TPStut/Intermediate/AssetRegistryCache/b41d435a.bin', retrying in .5s...
[2018.08.12-09.53.51:106][  0]LogFileManager: Error: Error deleting file 'D:/Unreal Project/TutorialWorkspace/TPStut/Intermediate/AssetRegistryCache/b41d435a.bin'.
[2018.08.12-09.53.51:109][  0]LogFileManager: Warning: DeleteFile was unable to delete 'D:/Unreal Project/TutorialWorkspace/TPStut/Intermediate/AssetRegistryCache/08131104.bin', retrying in .5s...
[2018.08.12-09.53.51:611][  0]LogFileManager: Error: Error deleting file 'D:/Unreal Project/TutorialWorkspace/TPStut/Intermediate/AssetRegistryCache/08131104.bin'.
[2018.08.12-09.53.51:614][  0]LogFileManager: Warning: DeleteFile was unable to delete 'D:/Unreal Project/TutorialWorkspace/TPStut/Intermediate/AssetRegistryCache/142f06ae.bin', retrying in .5s...
[2018.08.12-09.53.52:115][  0]LogFileManager: Error: Error deleting file 'D:/Unreal Project/TutorialWorkspace/TPStut/Intermediate/AssetRegistryCache/142f06ae.bin'.
[2018.08.12-09.53.52:121][  0]LogFileManager: Warning: DeleteFile was unable to delete 'D:/Unreal Project/TutorialWorkspace/TPStut/Intermediate/AssetRegistryCache/8187a359.bin', retrying in .5s...
[2018.08.12-09.53.52:622][  0]LogFileManager: Error: Error deleting file 'D:/Unreal Project/TutorialWorkspace/TPStut/Intermediate/AssetRegistryCache/8187a359.bin'.
[2018.08.12-09.53.52:625][  0]LogFileManager: Warning: DeleteFile was unable to delete 'D:/Unreal Project/TutorialWorkspace/TPStut/Intermediate/AssetRegistryCache/1e449417.bin', retrying in .5s...
[2018.08.12-09.53.53:126][  0]LogFileManager: Error: Error deleting file 'D:/Unreal Project/TutorialWorkspace/TPStut/Intermediate/AssetRegistryCache/1e449417.bin'.
[2018.08.12-09.53.53:130][  0]LogFileManager: Warning: DeleteFile was unable to delete 'D:/Unreal Project/TutorialWorkspace/TPStut/Intermediate/AssetRegistryCache/51818f37.bin', retrying in .5s...
[2018.08.12-09.53.53:631][  0]LogFileManager: Error: Error deleting file 'D:/Unreal Project/TutorialWorkspace/TPStut/Intermediate/AssetRegistryCache/51818f37.bin'.
[2018.08.12-09.53.53:636][  0]LogFileManager: Warning: DeleteFile was unable to delete 'D:/Unreal Project/TutorialWorkspace/TPStut/Intermediate/AssetRegistryCache/c0a7a26b.bin', retrying in .5s...
[2018.08.12-09.53.54:137][  0]LogFileManager: Error: Error deleting file 'D:/Unreal Project/TutorialWorkspace/TPStut/Intermediate/AssetRegistryCache/c0a7a26b.bin'.
[2018.08.12-09.53.54:141][  0]LogFileManager: Warning: DeleteFile was unable to delete 'D:/Unreal Project/TutorialWorkspace/TPStut/Intermediate/AssetRegistryCache/4594821e.bin', retrying in .5s...
[2018.08.12-09.53.54:642][  0]LogFileManager: Error: Error deleting file 'D:/Unreal Project/TutorialWorkspace/TPStut/Intermediate/AssetRegistryCache/4594821e.bin'.
[2018.08.12-09.53.54:646][  0]LogFileManager: Warning: DeleteFile was unable to delete 'D:/Unreal Project/TutorialWorkspace/TPStut/Intermediate/AssetRegistryCache/bd18c394.bin', retrying in .5s...
[2018.08.12-09.53.55:147][  0]LogFileManager: Error: Error deleting file 'D:/Unreal Project/TutorialWorkspace/TPStut/Intermediate/AssetRegistryCache/bd18c394.bin'.
[2018.08.12-09.53.55:152][  0]LogFileManager: Warning: DeleteFile was unable to delete 'D:/Unreal Project/TutorialWorkspace/TPStut/Intermediate/AssetRegistryCache/dbb0976f.bin', retrying in .5s...
[2018.08.12-09.53.55:653][  0]LogFileManager: Error: Error deleting file 'D:/Unreal Project/TutorialWorkspace/TPStut/Intermediate/AssetRegistryCache/dbb0976f.bin'.
[2018.08.12-09.53.55:657][  0]LogFileManager: Warning: DeleteFile was unable to delete 'D:/Unreal Project/TutorialWorkspace/TPStut/Intermediate/AssetRegistryCache/629f845f.bin', retrying in .5s...
[2018.08.12-09.53.56:157][  0]LogFileManager: Error: Error deleting file 'D:/Unreal Project/TutorialWorkspace/TPStut/Intermediate/AssetRegistryCache/629f845f.bin'.
[2018.08.12-09.53.56:161][  0]LogFileManager: Warning: DeleteFile was unable to delete 'D:/Unreal Project/TutorialWorkspace/TPStut/Intermediate/AssetRegistryCache/aa506834.bin', retrying in .5s...
[2018.08.12-09.53.56:662][  0]LogFileManager: Error: Error deleting file 'D:/Unreal Project/TutorialWorkspace/TPStut/Intermediate/AssetRegistryCache/aa506834.bin'.
[2018.08.12-09.53.56:669][  0]LogFileManager: Warning: DeleteFile was unable to delete 'D:/Unreal Project/TutorialWorkspace/TPStut/Intermediate/AssetRegistryCache/8d22b410.bin', retrying in .5s...
[2018.08.12-09.53.57:170][  0]LogFileManager: Error: Error deleting file 'D:/Unreal Project/TutorialWorkspace/TPStut/Intermediate/AssetRegistryCache/8d22b410.bin'.
[2018.08.12-09.53.57:172][  0]LogPackageLocalizationCache: Processed 7 localized package path(s) for 2 prioritized culture(s) in 7.073220 seconds
[2018.08.12-09.53.57:178][  0]LogUObjectArray: 35870 objects as part of root set at end of initial load.
[2018.08.12-09.53.57:178][  0]LogUObjectAllocator: 7363696 out of 0 bytes used by permanent object pool.
[2018.08.12-09.53.57:178][  0]LogUObjectArray: CloseDisregardForGC: 0/0 objects in disregard for GC pool
[2018.08.12-09.53.57:299][  0]LogInit: WinSock: version 1.1 (2.2), MaxSocks=32767, MaxUdp=65467
[2018.08.12-09.54.02:097][  0]LogTcpMessaging: Initializing TcpMessaging bridge
[2018.08.12-09.54.02:175][  0]LogUdpMessaging: Initializing bridge on interface 0.0.0.0:0 to multicast group 230.0.0.1:6666.
[2018.08.12-09.54.03:338][  0]LogConfig: Warning: Failed to saved backup for config[InternationalizationExport]
[2018.08.12-09.54.03:338][  0]LogConfig: Warning: Failed to saved backup for config[TranslationPickerSettings]
[2018.08.12-09.54.03:465][  0]LogMaterial: Uniform references updated for custom material expression Custom.
[2018.08.12-09.54.04:303][  0]LogConfig: Warning: Failed to saved backup for config[SourceControlSettings]
[2018.08.12-09.54.04:304][  0]LogConfig: Warning: Failed to saved backup for config[SourceControlSettings]
[2018.08.12-09.54.04:304][  0]SourceControl: 소스 콘트롤이 꺼졌습니다.
[2018.08.12-09.54.04:304][  0]SourceControl: 소스 콘트롤이 꺼졌습니다.
[2018.08.12-09.54.04:417][  0]SourceControl: 소스 콘트롤이 꺼졌습니다.
[2018.08.12-09.54.04:520][  0]SourceControl: 소스 콘트롤이 꺼졌습니다.
[2018.08.12-09.54.06:206][  0]LogAndroidPermission: UAndroidPermissionCallbackProxy::GetInstance
[2018.08.12-09.54.06:782][  0]LogOcInput: OculusInput pre-init called
[2018.08.12-09.54.07:330][  0]LogEngine: Initializing Engine...
[2018.08.12-09.54.07:332][  0]LogHMD: Failed to initialize OpenVR with code 110
[2018.08.12-09.54.07:576][  0]LogStats: UGameplayTagsManager::ConstructGameplayTagTree: Construct from data asset -  0.000 s
[2018.08.12-09.54.07:576][  0]LogStats: UGameplayTagsManager::ConstructGameplayTagTree: GameplayTagTreeChangedEvent.Broadcast -  0.000 s
[2018.08.12-09.54.07:850][  0]LogAIModule: Creating AISystem for world Untitled
[2018.08.12-09.54.07:876][  0]LogInit: XAudio2 using '스피커(Realtek High Definition Audio)' : 2 channels at 48 kHz using 32 bits per sample (channel mask 0x3)
[2018.08.12-09.54.07:993][  0]LogInit: FAudioDevice initialized.
[2018.08.12-09.54.08:052][  0]LogDerivedDataCache: Saved boot cache 0.06s 78MB C:/Users/hac62/AppData/Local/UnrealEngine/4.18/DerivedDataCache/Boot.ddc.
[2018.08.12-09.54.08:079][  0]LogInit: Texture streaming: Enabled
[2018.08.12-09.54.08:323][  0]LogEngineSessionManager: EngineSessionManager initialized
[2018.08.12-09.54.08:630][  0]LogInit: Transaction tracking system initialized
[2018.08.12-09.54.09:353][  0]BlueprintLog: New page: 에디터 로드
[2018.08.12-09.54.11:199][  0]LogConfig: Warning: Failed to saved backup for config[LocalizationServiceSettings]
[2018.08.12-09.54.11:200][  0]LogConfig: Warning: Failed to saved backup for config[LocalizationServiceSettings]
[2018.08.12-09.54.11:200][  0]LocalizationService: 현지화 서비스가 비활성화되었습니다.
[2018.08.12-09.54.12:867][  0]LogConsoleResponse: Display: 
[2018.08.12-09.54.13:147][  0]LogCook: Display: Max memory allowance for cook 16384mb min free memory 0mb
[2018.08.12-09.54.13:147][  0]LogCook: Display: Mobile HDR setting 1
[2018.08.12-09.54.13:147][  0]LogGameplayTags: Display: UGameplayTagsManager::DoneAddingNativeTags. DelegateIsBound: 0
[2018.08.12-09.54.13:486][  0]LogFileCache: Scanning file cache for directory 'D:/Unreal Project/TutorialWorkspace/TPStut/Content/' took 0.01s
[2018.08.12-09.54.15:514][  0]SourceControl: 소스 콘트롤이 꺼졌습니다.
[2018.08.12-09.54.15:514][  0]Cmd: MAP LOAD FILE="D:/Unreal Project/TutorialWorkspace/TPStut/Content/ThirdPersonBP/Maps/ThirdPersonExampleMap.umap" TEMPLATE=0 SHOWPROGRESS=1 FEATURELEVEL=3
[2018.08.12-09.54.15:514][  0]LightingResults: New page: 라이팅 빌드
[2018.08.12-09.54.15:597][  0]MapCheck: New page: 맵 체크
[2018.08.12-09.54.15:597][  0]LightingResults: New page: 라이팅 빌드
[2018.08.12-09.54.16:033][  0]LogAIModule: Creating AISystem for world ThirdPersonExampleMap
[2018.08.12-09.54.16:046][  0]LogEditorServer: Finished looking for orphan Actors (0.000 secs)
[2018.08.12-09.54.16:060][  0]Cmd: MAP CHECKDEP NOCLEARLOG
[2018.08.12-09.54.16:149][  0]MapCheck: 맵 체크 완료: 오류 0 회, 경고 0 회, 소요 시간 88.689ms.
[2018.08.12-09.54.16:149][  0]LogFileHelpers: Loading map 'ThirdPersonExampleMap' took 0.635
[2018.08.12-09.54.16:319][  0]LogCollectionManager: Loaded 0 collections in 0.002098 seconds
[2018.08.12-09.54.16:445][  0]LogFileCache: Scanning file cache for directory 'D:/Unreal Project/TutorialWorkspace/TPStut/Saved/Collections/' took 0.01s
[2018.08.12-09.54.16:445][  0]LogFileCache: Scanning file cache for directory 'D:/Unreal Project/TutorialWorkspace/TPStut/Content/Developers/hac62/Collections/' took 0.01s
[2018.08.12-09.54.16:446][  0]LogFileCache: Scanning file cache for directory 'D:/Unreal Project/TutorialWorkspace/TPStut/Content/Collections/' took 0.01s
[2018.08.12-09.54.16:446][  0]LogCollectionManager: Rebuilt the GUID cache for 0 collections in 0.000001 seconds
[2018.08.12-09.54.16:454][  0]LogContentBrowser: Native class hierarchy populated in 0.0077 seconds. Added 2363 classes and 519 folders.
[2018.08.12-09.54.16:590][  0]LogContentBrowser: Native class hierarchy updated for 'WidgetCarousel' in 0.0002 seconds. Added 0 classes and 0 folders.
[2018.08.12-09.54.16:658][  0]LogContentBrowser: Native class hierarchy updated for 'AddContentDialog' in 0.0003 seconds. Added 0 classes and 0 folders.
[2018.08.12-09.54.16:745][  0]LogContentBrowser: Native class hierarchy updated for 'SceneOutliner' in 0.0004 seconds. Added 1 classes and 2 folders.
[2018.08.12-09.54.16:764][  0]LogSlate: Took 0.000241 seconds to synchronously load lazily loaded font '../../../Engine/Content/Slate/Fonts/Roboto-Regular.ttf' (155K)
[2018.08.12-09.54.16:769][  0]LogSlate: Took 0.003971 seconds to synchronously load lazily loaded font '../../../Engine/Content/Slate/Fonts/NanumGothic.ttf' (4243K)
[2018.08.12-09.54.16:771][  0]LogSlate: Took 0.000352 seconds to synchronously load lazily loaded font '../../../Engine/Content/Slate/Fonts/Roboto-Bold.ttf' (160K)
[2018.08.12-09.54.16:779][  0]LogSlate: Took 0.000339 seconds to synchronously load lazily loaded font '../../../Engine/Content/Editor/Slate/Fonts/FontAwesome.ttf' (139K)
[2018.08.12-09.54.16:894][  0]LogRenderer: Reallocating scene render targets to support 1208x576 Format 10 NumSamples 1 (Frame:1).
[2018.08.12-09.54.17:150][  0]LogContentBrowser: Native class hierarchy updated for 'HierarchicalLODOutliner' in 0.0002 seconds. Added 1 classes and 2 folders.
[2018.08.12-09.54.17:151][  0]LogLoad: (Engine Initialization) Total time: 37.60 seconds
[2018.08.12-09.54.17:151][  0]LogLoad: (Engine Initialization) Total Blueprint compile time: 0.00 seconds
[2018.08.12-09.54.17:151][  0]LogExternalProfiler: No external profilers were discovered.  External profiling features will not be available.
[2018.08.12-09.54.17:512][  0]LogContentStreaming: Texture pool size now 1000 MB
[2018.08.12-09.54.17:550][  0]LogSlate: Took 0.000213 seconds to synchronously load lazily loaded font '../../../Engine/Content/Slate/Fonts/Roboto-Light.ttf' (159K)
[2018.08.12-09.54.17:830][  1]LogAssetRegistry: Asset discovery search completed in 28.3527 seconds
[2018.08.12-09.54.17:831][  1]LogCollectionManager: Rebuilt the object cache for 0 collections in 0.000000 seconds (found 0 objects)
[2018.08.12-09.54.17:832][  1]LogCollectionManager: Fixed up redirectors for 0 collections in 0.000077 seconds (updated 0 objects)
[2018.08.12-09.56.25:421][510]LogSourceControl: Error: P4ERROR: Invalid connection to server.
[2018.08.12-09.56.25:421][510]LogSourceControl: Error: Connect to server failed; check $P4PORT.
TCP connect to perforce:1666 failed.
?????? ???????? ????????. 

[2018.08.12-09.57.19:118][943]LogSourceControl: Attempting 'p4 clients -u hac62'
[2018.08.12-09.58.01:333][746]LogSourceControl: Attempting 'p4 clients -u ikjin'
[2018.08.12-09.58.09:404][230]LogSourceControl: Attempting 'p4 clients -u ikjin'
[2018.08.12-09.58.13:908][501]LogSourceControl: Attempting 'p4 clients -u ikjin'
[2018.08.12-09.59.13:529][846]LogSourceControl: Attempting 'p4 clients -u ikjin'
[2018.08.12-10.00.02:136][900]LogSourceControl: Attempting 'p4 clients -u hac623'
[2018.08.12-10.00.11:286][448]LogSourceControl: Attempting 'p4 clients -u hac62'
[2018.08.12-10.02.29:877][750]LogSourceControl: Attempting 'p4 clients -u ikjin'
[2018.08.12-10.03.01:497][318]LogSourceControl: Attempting 'p4 client -o DesktopWorkspace'
[2018.08.12-10.03.01:498][318]SourceControl: Client DesktopWorkspace
[2018.08.12-10.03.01:498][318]SourceControl: Update 2018/08/12 18:33:00
[2018.08.12-10.03.01:498][318]SourceControl: Access 2018/08/12 18:33:00
[2018.08.12-10.03.01:498][318]SourceControl: Owner ikjin
[2018.08.12-10.03.01:498][318]SourceControl: Host ikjin
[2018.08.12-10.03.01:498][318]SourceControl: Description Created by ikjin.

[2018.08.12-10.03.01:498][318]SourceControl: Root D:\Unreal Project\TutorialWorkspace
[2018.08.12-10.03.01:498][318]SourceControl: Options noallwrite noclobber nocompress unlocked nomodtime normdir
[2018.08.12-10.03.01:498][318]SourceControl: SubmitOptions submitunchanged
[2018.08.12-10.03.01:498][318]SourceControl: LineEnd local
[2018.08.12-10.03.01:498][318]SourceControl: View0 //depot/... //DesktopWorkspace/...
[2018.08.12-10.03.01:498][318]SourceControl: Type writeable
[2018.08.12-10.03.01:498][318]SourceControl: Backup enable
[2018.08.12-10.03.01:498][318]SourceControl: specFormatted 
[2018.08.12-10.03.01:498][318]SourceControl: func client-FstatInfo
[2018.08.12-10.03.01:540][321]LogSourceControl: Attempting 'p4 fstat -Or D:/Unreal Project/TutorialWorkspace/TPStut/Content/ThirdPersonBP/ThirdPersonOverview.uasset'
[2018.08.12-10.03.19:628][195]LogSourceControl: Attempting 'p4 clients -u ikjin'
[2018.08.12-10.03.20:800][266]LogSourceControl: Attempting 'p4 clients -u ikjin'
[2018.08.12-10.03.23:464][426]LogSourceControl: Attempting 'p4 client -o DesktopWorkspace'
[2018.08.12-10.03.23:476][426]SourceControl: Client DesktopWorkspace
[2018.08.12-10.03.23:476][426]SourceControl: Update 2018/08/12 18:33:00
[2018.08.12-10.03.23:476][426]SourceControl: Access 2018/08/12 18:33:00
[2018.08.12-10.03.23:476][426]SourceControl: Owner ikjin
[2018.08.12-10.03.23:476][426]SourceControl: Host ikjin
[2018.08.12-10.03.23:476][426]SourceControl: Description Created by ikjin.

[2018.08.12-10.03.23:476][426]SourceControl: Root D:\Unreal Project\TutorialWorkspace
[2018.08.12-10.03.23:477][426]SourceControl: Options noallwrite noclobber nocompress unlocked nomodtime normdir
[2018.08.12-10.03.23:477][426]SourceControl: SubmitOptions submitunchanged
[2018.08.12-10.03.23:477][426]SourceControl: LineEnd local
[2018.08.12-10.03.23:477][426]SourceControl: View0 //depot/... //DesktopWorkspace/...
[2018.08.12-10.03.23:477][426]SourceControl: Type writeable
[2018.08.12-10.03.23:477][426]SourceControl: Backup enable
[2018.08.12-10.03.23:477][426]SourceControl: specFormatted 
[2018.08.12-10.03.23:477][426]SourceControl: func client-FstatInfo
[2018.08.12-10.42.00:522][906]LogSourceControl: Attempting 'p4 fstat -Or D:/Unreal Project/TutorialWorkspace/TPStut/Content/ThirdPersonBP/Blueprints/ThirdPersonCharacter.uasset D:/Unreal Project/TutorialWorkspace/TPStut/Content/ThirdPersonBP/Blueprints/ThirdPersonGameMode.uasset'
[2018.08.12-10.56.48:943][933]LogSourceControl: Attempting 'p4 fstat -Or D:/Unreal Project/TutorialWorkspace/TPStut/Content/ThirdPersonBP/Blueprints/ThirdPersonCharacter.uasset'
[2018.08.12-10.57.00:705][629]LogSourceControl: Attempting 'p4 fstat -Or D:/Unreal Project/TutorialWorkspace/TPStut/Content/ThirdPersonBP/Blueprints/ThirdPersonCharacter.uasset'
[2018.08.12-10.57.00:716][629]LogSourceControl: Attempting 'p4 filelog -s -i -L -t -m 100 D:/Unreal Project/TutorialWorkspace/TPStut/Content/ThirdPersonBP/Blueprints/ThirdPersonCharacter.uasset'
[2018.08.12-10.58.28:787][745]LogSourceControl: Attempting 'p4 fstat -Or D:/Unreal Project/TutorialWorkspace/TPStut/Content/ThirdPersonBP/Blueprints/ThirdPersonCharacter.uasset'
[2018.08.12-10.58.28:849][745]LogSourceControl: Attempting 'p4 fstat -Or D:/Unreal Project/TutorialWorkspace/TPStut/Content/ThirdPersonBP/Blueprints/ThirdPersonCharacter.uasset'
[2018.08.12-10.58.28:915][745]LogSourceControl: Attempting 'p4 edit D:/Unreal Project/TutorialWorkspace/TPStut/Content/ThirdPersonBP/Blueprints/ThirdPersonCharacter.uasset'
[2018.08.12-10.58.45:775][413]LogSourceControl: Attempting 'p4 fstat -Or D:/Unreal Project/TutorialWorkspace/TPStut/Content/ThirdPersonBP/Blueprints/ThirdPersonCharacter.uasset'
[2018.08.12-10.58.45:786][413]LogSourceControl: Attempting 'p4 diff -sa D:/Unreal Project/TutorialWorkspace/TPStut/Content/ThirdPersonBP/Blueprints/ThirdPersonCharacter.uasset'
[2018.08.12-10.58.51:216][413]LogSourceControl: Attempting 'p4 revert D:/Unreal Project/TutorialWorkspace/TPStut/Content/ThirdPersonBP/Blueprints/ThirdPersonCharacter.uasset'
[2018.08.12-10.58.51:271][413]LogSlate: Took 0.000567 seconds to synchronously load lazily loaded font '../../../Engine/Content/Slate/Fonts/Roboto-Light.ttf' (159K)
[2018.08.12-10.58.51:371][413]LogUObjectGlobals: Display: ReloadPackage failed to find a replacement object for 'Default__ThirdPersonCharacter_C:CollisionCylinder.BodySetup_0' (transient) in the new package '/Game/ThirdPersonBP/Blueprints/ThirdPersonCharacter'. Any existing references to this object will be nulled out.
[2018.08.12-10.58.51:381][413]LogScript: Warning: CallFunc_GetMovementComponent_ReturnValue 프로퍼티를 읽으려던 중 None 에 접근했습니다.
	ThirdPerson_AnimBP_C /Game/ThirdPersonBP/Maps/ThirdPersonExampleMap.ThirdPersonExampleMap:PersistentLevel.ThirdPersonCharacter_167.CharacterMesh0.ThirdPerson_AnimBP_C_1
	Function /Game/Mannequin/Animations/ThirdPerson_AnimBP.ThirdPerson_AnimBP_C:ExecuteUbergraph_ThirdPerson_AnimBP:00E5
[2018.08.12-10.58.51:383][413]LogScript: Warning: CallFunc_GetMovementComponent_ReturnValue 프로퍼티를 읽으려던 중 None 에 접근했습니다.
	ThirdPerson_AnimBP_C /Engine/Transient.World_0:PersistentLevel.ThirdPersonCharacter_C_0.CharacterMesh0.ThirdPerson_AnimBP_C_1
	Function /Game/Mannequin/Animations/ThirdPerson_AnimBP.ThirdPerson_AnimBP_C:ExecuteUbergraph_ThirdPerson_AnimBP:00E5
[2018.08.12-10.58.51:683][416]LogSourceControl: Attempting 'p4 fstat -Or D:/Unreal Project/TutorialWorkspace/TPStut/Content/ThirdPersonBP/Blueprints/ThirdPersonCharacter.uasset'
[2018.08.12-11.01.50:579][640]LogWindowsTextInputMethodSystem: Display: IME system now activated using TSF (Microsoft 입력기).
[2018.08.12-11.01.50:829][641]Cmd: QUIT_EDITOR
[2018.08.12-11.01.50:918][641]LogExit: Preparing to exit.
[2018.08.12-11.01.51:352][641]LogExit: Editor shut down
[2018.08.12-11.01.51:388][641]LogExit: Transaction tracking system shut down
[2018.08.12-11.01.52:162][641]LogFileManager: Warning: DeleteFile was unable to delete 'D:/Unreal Project/TutorialWorkspace/TPStut/Intermediate/CachedAssetRegistry.bin', retrying in .5s...
[2018.08.12-11.01.52:162][641]LogFileManager: Error: Error deleting file 'D:/Unreal Project/TutorialWorkspace/TPStut/Intermediate/CachedAssetRegistry.bin'.
[2018.08.12-11.01.52:162][641]LogDirectoryWatcher: A directory notification for '../../../Engine/Content/' was aborted.
[2018.08.12-11.01.52:162][641]LogDirectoryWatcher: A directory notification for 'D:/Unreal Project/TutorialWorkspace/TPStut/Content/' was aborted.
[2018.08.12-11.01.52:162][641]LogDirectoryWatcher: A directory notification for '../../../Engine/Plugins/2D/Paper2D/Content/' was aborted.
[2018.08.12-11.01.52:162][641]LogDirectoryWatcher: A directory notification for '../../../Engine/Plugins/Media/MediaCompositing/Content/' was aborted.
[2018.08.12-11.01.52:162][641]LogDirectoryWatcher: A directory notification for '../../../Engine/Plugins/Runtime/AppleARKit/Content/' was aborted.
[2018.08.12-11.01.52:162][641]LogDirectoryWatcher: A directory notification for '../../../Engine/Plugins/Runtime/Oculus/OculusVR/Content/' was aborted.
[2018.08.12-11.01.52:162][641]LogDirectoryWatcher: A directory notification for '../../../Engine/Plugins/Runtime/Steam/SteamVR/Content/' was aborted.
[2018.08.12-11.01.52:245][641]LogExit: Object subsystem successfully closed.
[2018.08.12-11.01.52:277][641]LogD3D11RHI: Shutdown
[2018.08.12-11.01.52:277][641]LogD3D11RHI: CleanupD3DDevice
[2018.08.12-11.01.52:281][641]LogD3D11RHI: ~FD3D11DynamicRHI
[2018.08.12-11.01.52:315][641]LogModuleManager: Shutting down and abandoning module HierarchicalLODOutliner (548)
[2018.08.12-11.01.52:315][641]LogModuleManager: Shutting down and abandoning module SceneOutliner (546)
[2018.08.12-11.01.52:315][641]LogModuleManager: Shutting down and abandoning module AddContentDialog (544)
[2018.08.12-11.01.52:315][641]LogDirectoryWatcher: A directory notification for 'C:/Program Files/Epic Games/UE_4.18/FeaturePacks/' was aborted.
[2018.08.12-11.01.52:321][641]LogModuleManager: Shutting down and abandoning module WidgetCarousel (543)
[2018.08.12-11.01.52:321][641]LogModuleManager: Shutting down and abandoning module EditorWidgets (540)
[2018.08.12-11.01.52:321][641]LogModuleManager: Shutting down and abandoning module CollectionManager (538)
[2018.08.12-11.01.52:321][641]LogDirectoryWatcher: A directory notification for 'D:/Unreal Project/TutorialWorkspace/TPStut/Content/Collections/' was aborted.
[2018.08.12-11.01.52:322][641]LogDirectoryWatcher: A directory notification for 'D:/Unreal Project/TutorialWorkspace/TPStut/Content/Developers/hac62/Collections/' was aborted.
[2018.08.12-11.01.52:322][641]LogDirectoryWatcher: A directory notification for 'D:/Unreal Project/TutorialWorkspace/TPStut/Saved/Collections/' was aborted.
[2018.08.12-11.01.52:322][641]LogModuleManager: Shutting down and abandoning module StatsViewer (536)
[2018.08.12-11.01.52:322][641]LogModuleManager: Shutting down and abandoning module FoliageEdit (534)
[2018.08.12-11.01.52:322][641]LogModuleManager: Shutting down and abandoning module LandscapeEditor (532)
[2018.08.12-11.01.52:322][641]LogModuleManager: Shutting down and abandoning module MeshPaintMode (530)
[2018.08.12-11.01.52:322][641]LogModuleManager: Shutting down and abandoning module SceneDepthPickerMode (528)
[2018.08.12-11.01.52:322][641]LogModuleManager: Shutting down and abandoning module ActorPickerMode (526)
[2018.08.12-11.01.52:322][641]LogModuleManager: Shutting down and abandoning module GeometryMode (524)
[2018.08.12-11.01.52:322][641]LogModuleManager: Shutting down and abandoning module TextureAlignMode (522)
[2018.08.12-11.01.52:322][641]LogModuleManager: Shutting down and abandoning module BspMode (520)
[2018.08.12-11.01.52:322][641]LogModuleManager: Shutting down and abandoning module PIEPreviewDeviceProfileSelector (518)
[2018.08.12-11.01.52:322][641]LogModuleManager: Shutting down and abandoning module HardwareSurvey (516)
[2018.08.12-11.01.52:322][641]LogModuleManager: Shutting down and abandoning module SequenceRecorderSections (514)
[2018.08.12-11.01.52:322][641]LogModuleManager: Shutting down and abandoning module AutomationWorker (512)
[2018.08.12-11.01.52:322][641]LogModuleManager: Shutting down and abandoning module MatineeToLevelSequence (510)
[2018.08.12-11.01.52:322][641]LogModuleManager: Shutting down and abandoning module LevelSequenceEditor (508)
[2018.08.12-11.01.52:323][641]LogModuleManager: Shutting down and abandoning module PlacementMode (507)
[2018.08.12-11.01.52:323][641]LogModuleManager: Shutting down and abandoning module WmfMediaFactory (504)
[2018.08.12-11.01.52:323][641]LogModuleManager: Shutting down and abandoning module WmfMediaEditor (502)
[2018.08.12-11.01.52:323][641]LogModuleManager: Shutting down and abandoning module OpenExrWrapper (500)
[2018.08.12-11.01.52:323][641]LogModuleManager: Shutting down and abandoning module ImgMediaFactory (498)
[2018.08.12-11.01.52:323][641]LogModuleManager: Shutting down and abandoning module ImgMediaEditor (496)
[2018.08.12-11.01.52:323][641]LogModuleManager: Shutting down and abandoning module AvfMediaFactory (494)
[2018.08.12-11.01.52:323][641]LogModuleManager: Shutting down and abandoning module AvfMediaEditor (492)
[2018.08.12-11.01.52:323][641]LogModuleManager: Shutting down and abandoning module AndroidMediaFactory (490)
[2018.08.12-11.01.52:323][641]LogModuleManager: Shutting down and abandoning module AndroidMediaEditor (488)
[2018.08.12-11.01.52:323][641]LogModuleManager: Shutting down and abandoning module CharacterAI (486)
[2018.08.12-11.01.52:323][641]LogModuleManager: Shutting down and abandoning module AudioCapture (484)
[2018.08.12-11.01.52:323][641]LogModuleManager: Shutting down and abandoning module SequenceRecorder (483)
[2018.08.12-11.01.52:323][641]LogModuleManager: Shutting down and abandoning module SmartSnapping (480)
[2018.08.12-11.01.52:323][641]LogModuleManager: Shutting down and abandoning module SessionServices (478)
[2018.08.12-11.01.52:323][641]LogModuleManager: Shutting down and abandoning module ViewportSnapping (476)
[2018.08.12-11.01.52:323][641]LogModuleManager: Shutting down and abandoning module ViewportInteraction (474)
[2018.08.12-11.01.52:323][641]LogModuleManager: Shutting down and abandoning module ClothPainter (472)
[2018.08.12-11.01.52:323][641]LogModuleManager: Shutting down and abandoning module SkeletalMeshEditor (471)
[2018.08.12-11.01.52:323][641]LogModuleManager: Shutting down and abandoning module LogVisualizer (468)
[2018.08.12-11.01.52:323][641]LogModuleManager: Shutting down and abandoning module IntroTutorials (466)
[2018.08.12-11.01.52:323][641]LogModuleManager: Shutting down and abandoning module GameProjectGeneration (465)
[2018.08.12-11.01.52:323][641]LogModuleManager: Shutting down and abandoning module IOSPlatformEditor (462)
[2018.08.12-11.01.52:324][641]LogModuleManager: Shutting down and abandoning module HTML5PlatformEditor (460)
[2018.08.12-11.01.52:324][641]LogModuleManager: Shutting down and abandoning module AndroidPlatformEditor (458)
[2018.08.12-11.01.52:324][641]LogModuleManager: Shutting down and abandoning module AndroidDeviceDetection (457)
[2018.08.12-11.01.53:214][641]LogModuleManager: Shutting down and abandoning module WindowsPlatformEditor (454)
[2018.08.12-11.01.53:214][641]LogModuleManager: Shutting down and abandoning module IOSRuntimeSettings (452)
[2018.08.12-11.01.53:214][641]LogModuleManager: Shutting down and abandoning module AndroidRuntimeSettings (450)
[2018.08.12-11.01.53:214][641]LogModuleManager: Shutting down and abandoning module InputBindingEditor (448)
[2018.08.12-11.01.53:214][641]LogModuleManager: Shutting down and abandoning module MergeActors (446)
[2018.08.12-11.01.53:214][641]LogModuleManager: Shutting down and abandoning module SizeMap (444)
[2018.08.12-11.01.53:214][641]LogModuleManager: Shutting down and abandoning module TreeMap (442)
[2018.08.12-11.01.53:214][641]LogModuleManager: Shutting down and abandoning module ReferenceViewer (440)
[2018.08.12-11.01.53:214][641]LogModuleManager: Shutting down and abandoning module LocalizationDashboard (438)
[2018.08.12-11.01.53:214][641]LogModuleManager: Shutting down and abandoning module LocalizationService (437)
[2018.08.12-11.01.53:214][641]LogModuleManager: Shutting down and abandoning module HardwareTargeting (434)
[2018.08.12-11.01.53:214][641]LogModuleManager: Shutting down and abandoning module DeviceProfileEditor (432)
[2018.08.12-11.01.53:214][641]LogModuleManager: Shutting down and abandoning module UndoHistory (430)
[2018.08.12-11.01.53:214][641]LogModuleManager: Shutting down and abandoning module XmlParser (428)
[2018.08.12-11.01.53:214][641]LogModuleManager: Shutting down and abandoning module Blutility (426)
[2018.08.12-11.01.53:214][641]LogModuleManager: Shutting down and abandoning module ProjectSettingsViewer (424)
[2018.08.12-11.01.53:214][641]LogModuleManager: Shutting down and abandoning module ProjectTargetPlatformEditor (423)
[2018.08.12-11.01.53:214][641]LogModuleManager: Shutting down and abandoning module EditorSettingsViewer (420)
[2018.08.12-11.01.53:214][641]LogModuleManager: Shutting down and abandoning module SettingsEditor (418)
[2018.08.12-11.01.53:214][641]LogModuleManager: Shutting down and abandoning module ProjectLauncher (416)
[2018.08.12-11.01.53:215][641]LogModuleManager: Shutting down and abandoning module SessionFrontend (414)
[2018.08.12-11.01.53:215][641]LogModuleManager: Shutting down and abandoning module ProfilerClient (412)
[2018.08.12-11.01.53:215][641]LogModuleManager: Shutting down and abandoning module DeviceManager (410)
[2018.08.12-11.01.53:215][641]LogModuleManager: Shutting down and abandoning module TargetDeviceServices (409)
[2018.08.12-11.01.53:274][641]LogModuleManager: Shutting down and abandoning module AutomationController (406)
[2018.08.12-11.01.53:274][641]LogModuleManager: Shutting down and abandoning module AutomationWindow (404)
[2018.08.12-11.01.53:274][641]LogModuleManager: Shutting down and abandoning module Layers (402)
[2018.08.12-11.01.53:274][641]LogModuleManager: Shutting down and abandoning module ComponentVisualizers (400)
[2018.08.12-11.01.53:274][641]LogModuleManager: Shutting down and abandoning module DetailCustomizations (398)
[2018.08.12-11.01.53:274][641]LogModuleManager: Shutting down and abandoning module PackagesDialog (396)
[2018.08.12-11.01.53:274][641]LogModuleManager: Shutting down and abandoning module Persona (394)
[2018.08.12-11.01.53:275][641]LogModuleManager: Shutting down and abandoning module AdvancedPreviewScene (393)
[2018.08.12-11.01.53:275][641]LogModuleManager: Shutting down and abandoning module AnimGraph (391)
[2018.08.12-11.01.53:275][641]LogModuleManager: Shutting down and abandoning module Kismet (388)
[2018.08.12-11.01.53:276][641]LogModuleManager: Shutting down and abandoning module ClassViewer (386)
[2018.08.12-11.01.53:276][641]LogModuleManager: Shutting down and abandoning module Toolbox (384)
[2018.08.12-11.01.53:276][641]LogModuleManager: Shutting down and abandoning module ModuleUI (382)
[2018.08.12-11.01.53:276][641]LogModuleManager: Shutting down and abandoning module MovieSceneTools (380)
[2018.08.12-11.01.53:276][641]LogModuleManager: Shutting down and abandoning module OutputLog (378)
[2018.08.12-11.01.53:276][641]LogModuleManager: Shutting down and abandoning module GammaUI (376)
[2018.08.12-11.01.53:276][641]LogModuleManager: Shutting down and abandoning module Documentation (374)
[2018.08.12-11.01.53:276][641]LogModuleManager: Shutting down and abandoning module MovieSceneTracks (372)
[2018.08.12-11.01.53:276][641]LogModuleManager: Shutting down and abandoning module MovieScene (370)
[2018.08.12-11.01.53:276][641]LogModuleManager: Shutting down and abandoning module StreamingPauseRendering (368)
[2018.08.12-11.01.53:276][641]LogModuleManager: Shutting down and abandoning module LauncherPlatform (366)
[2018.08.12-11.01.53:276][641]LogModuleManager: Shutting down and abandoning module AnalyticsET (364)
[2018.08.12-11.01.53:276][641]LogModuleManager: Shutting down and abandoning module PortalServices (362)
[2018.08.12-11.01.53:276][641]LogModuleManager: Shutting down and abandoning module PortalRpc (360)
[2018.08.12-11.01.53:276][641]LogModuleManager: Shutting down and abandoning module MessagingRpc (358)
[2018.08.12-11.01.53:276][641]LogModuleManager: Shutting down and abandoning module AIModule (356)
[2018.08.12-11.01.53:276][641]LogModuleManager: Shutting down and abandoning module GameplayDebugger (355)
[2018.08.12-11.01.53:276][641]LogModuleManager: Shutting down and abandoning module AITestSuite (353)
[2018.08.12-11.01.53:276][641]LogModuleManager: Shutting down and abandoning module DesktopPlatform (350)
[2018.08.12-11.01.53:276][641]LogModuleManager: Shutting down and abandoning module ProfilerService (348)
[2018.08.12-11.01.53:310][641]LogModuleManager: Shutting down and abandoning module TaskGraph (346)
[2018.08.12-11.01.53:310][641]LogModuleManager: Shutting down and abandoning module SteamVRController (344)
[2018.08.12-11.01.53:310][641]LogModuleManager: Shutting down and abandoning module ProceduralMeshComponentEditor (342)
[2018.08.12-11.01.53:310][641]LogModuleManager: Shutting down and abandoning module ProceduralMeshComponent (340)
[2018.08.12-11.01.53:310][641]LogModuleManager: Shutting down and abandoning module OculusInput (338)
[2018.08.12-11.01.53:310][641]LogModuleManager: Shutting down and abandoning module MobilePatchingUtils (336)
[2018.08.12-11.01.53:310][641]LogModuleManager: Shutting down and abandoning module CustomMeshComponent (334)
[2018.08.12-11.01.53:310][641]LogModuleManager: Shutting down and abandoning module CableComponent (332)
[2018.08.12-11.01.53:310][641]LogModuleManager: Shutting down and abandoning module ArchVisCharacter (330)
[2018.08.12-11.01.53:310][641]LogModuleManager: Shutting down and abandoning module AndroidPermission (328)
[2018.08.12-11.01.53:310][641]LogModuleManager: Shutting down and abandoning module ActorSequence (324)
[2018.08.12-11.01.53:310][641]LogModuleManager: Shutting down and abandoning module MediaPlayerEditor (322)
[2018.08.12-11.01.53:310][641]LogModuleManager: Shutting down and abandoning module MediaCompositingEditor (320)
[2018.08.12-11.01.53:310][641]LogModuleManager: Shutting down and abandoning module MediaCompositing (318)
[2018.08.12-11.01.53:310][641]LogModuleManager: Shutting down and abandoning module HTML5Networking (316)
[2018.08.12-11.01.53:310][641]LogModuleManager: Shutting down and abandoning module AlembicImporter (314)
[2018.08.12-11.01.53:310][641]LogModuleManager: Shutting down and abandoning module AlembicLibrary (313)
[2018.08.12-11.01.53:310][641]LogModuleManager: Shutting down and abandoning module GeometryCache (312)
[2018.08.12-11.01.53:310][641]LogModuleManager: Shutting down and abandoning module GeometryCacheEd (311)
[2018.08.12-11.01.53:310][641]LogModuleManager: Shutting down and abandoning module SpeedTreeImporter (306)
[2018.08.12-11.01.53:310][641]LogModuleManager: Shutting down and abandoning module PluginBrowser (304)
[2018.08.12-11.01.53:310][641]LogModuleManager: Shutting down and abandoning module MobileLauncherProfileWizard (302)
[2018.08.12-11.01.53:310][641]LogModuleManager: Shutting down and abandoning module VisualStudioSourceCodeAccess (300)
[2018.08.12-11.01.53:311][641]LogModuleManager: Shutting down and abandoning module VisualStudioCodeSourceCodeAccess (298)
[2018.08.12-11.01.53:311][641]LogModuleManager: Shutting down and abandoning module UObjectPlugin (296)
[2018.08.12-11.01.53:311][641]LogModuleManager: Shutting down and abandoning module SubversionSourceControl (294)
[2018.08.12-11.01.53:311][641]LogModuleManager: Shutting down and abandoning module PerforceSourceControl (292)
[2018.08.12-11.01.53:311][641]LogModuleManager: Shutting down and abandoning module GitSourceControl (290)
[2018.08.12-11.01.53:311][641]LogModuleManager: Shutting down and abandoning module SourceControl (289)
[2018.08.12-11.01.53:311][641]LogModuleManager: Shutting down and abandoning module LightPropagationVolumeEditor (286)
[2018.08.12-11.01.53:311][641]LogModuleManager: Shutting down and abandoning module PaperTiledImporter (284)
[2018.08.12-11.01.53:311][641]LogModuleManager: Shutting down and abandoning module PaperSpriteSheetImporter (282)
[2018.08.12-11.01.53:311][641]LogModuleManager: Shutting down and abandoning module Paper2DEditor (280)
[2018.08.12-11.01.53:311][641]LogModuleManager: Shutting down and abandoning module MeshPaint (279)
[2018.08.12-11.01.53:311][641]LogModuleManager: Shutting down and abandoning module LevelEditor (277)
[2018.08.12-11.01.53:312][641]LogModuleManager: Shutting down and abandoning module PixelInspectorModule (276)
[2018.08.12-11.01.53:312][641]LogModuleManager: Shutting down and abandoning module MainFrame (274)
[2018.08.12-11.01.53:312][641]LogModuleManager: Shutting down and abandoning module HotReload (273)
[2018.08.12-11.01.53:313][641]LogModuleManager: Shutting down and abandoning module RuntimePhysXCooking (268)
[2018.08.12-11.01.53:313][641]LogModuleManager: Shutting down and abandoning module PhysXVehiclesEditor (266)
[2018.08.12-11.01.53:313][641]LogModuleManager: Shutting down and abandoning module PhysXVehicles (264)
[2018.08.12-11.01.53:313][641]LogModuleManager: Shutting down and abandoning module OculusEditor (262)
[2018.08.12-11.01.53:313][641]LogModuleManager: Shutting down and abandoning module LocationServicesBPLibrary (260)
[2018.08.12-11.01.53:313][641]LogModuleManager: Shutting down and abandoning module ImmediatePhysicsEditor (258)
[2018.08.12-11.01.53:313][641]LogModuleManager: Shutting down and abandoning module ImmediatePhysics (256)
[2018.08.12-11.01.53:313][641]LogModuleManager: Shutting down and abandoning module UdpMessaging (254)
[2018.08.12-11.01.53:413][641]LogModuleManager: Shutting down and abandoning module TcpMessaging (252)
[2018.08.12-11.01.53:514][641]LogModuleManager: Shutting down and abandoning module GameplayTagsEditor (250)
[2018.08.12-11.01.53:514][641]LogModuleManager: Shutting down and abandoning module FacialAnimationEditor (248)
[2018.08.12-11.01.53:514][641]LogModuleManager: Shutting down and abandoning module FacialAnimation (246)
[2018.08.12-11.01.53:514][641]LogModuleManager: Shutting down and abandoning module AssetManagerEditor (244)
[2018.08.12-11.01.53:514][641]LogModuleManager: Shutting down and abandoning module GraphEditor (243)
[2018.08.12-11.01.53:514][641]LogModuleManager: Shutting down and abandoning module ContentBrowser (241)
[2018.08.12-11.01.53:516][641]LogModuleManager: Shutting down and abandoning module LightPropagationVolumeRuntime (238)
[2018.08.12-11.01.53:516][641]LogModuleManager: Shutting down and abandoning module Paper2D (236)
[2018.08.12-11.01.53:516][641]LogModuleManager: Shutting down and abandoning module WindowsMoviePlayer (234)
[2018.08.12-11.01.53:516][641]LogModuleManager: Shutting down and abandoning module WmfMedia (232)
[2018.08.12-11.01.53:518][641]LogModuleManager: Shutting down and abandoning module ImgMedia (230)
[2018.08.12-11.01.53:518][641]LogModuleManager: Shutting down and abandoning module PacketHandler (228)
[2018.08.12-11.01.53:518][641]LogModuleManager: Shutting down and abandoning module ClothingSystemEditor (226)
[2018.08.12-11.01.53:519][641]LogModuleManager: Shutting down and abandoning module ClothingSystemRuntime (224)
[2018.08.12-11.01.53:519][641]LogModuleManager: Shutting down and abandoning module MediaAssets (222)
[2018.08.12-11.01.53:519][641]LogModuleManager: Shutting down and abandoning module Media (221)
[2018.08.12-11.01.53:526][641]LogModuleManager: Shutting down and abandoning module Overlay (218)
[2018.08.12-11.01.53:526][641]LogModuleManager: Shutting down and abandoning module OverlayEditor (217)
[2018.08.12-11.01.53:526][641]LogModuleManager: Shutting down and abandoning module VREditor (214)
[2018.08.12-11.01.53:526][641]LogModuleManager: Shutting down and abandoning module StringTableEditor (212)
[2018.08.12-11.01.53:526][641]LogModuleManager: Shutting down and abandoning module GameplayTasksEditor (210)
[2018.08.12-11.01.53:526][641]LogModuleManager: Shutting down and abandoning module BehaviorTreeEditor (208)
[2018.08.12-11.01.53:526][641]LogModuleManager: Shutting down and abandoning module FunctionalTesting (206)
[2018.08.12-11.01.53:526][641]LogModuleManager: Shutting down and abandoning module CollisionAnalyzer (204)
[2018.08.12-11.01.53:526][641]LogModuleManager: Shutting down and abandoning module WorkspaceMenuStructure (203)
[2018.08.12-11.01.53:526][641]LogModuleManager: Shutting down and abandoning module UMG (200)
[2018.08.12-11.01.53:526][641]LogModuleManager: Shutting down and abandoning module UMGEditor (199)
[2018.08.12-11.01.53:526][641]LogModuleManager: Shutting down and abandoning module Sequencer (198)
[2018.08.12-11.01.53:527][641]LogModuleManager: Shutting down and abandoning module MessageLog (195)
[2018.08.12-11.01.53:527][641]LogModuleManager: Shutting down and abandoning module SlateReflector (190)
[2018.08.12-11.01.53:527][641]LogModuleManager: Shutting down and abandoning module Slate (188)
[2018.08.12-11.01.53:527][641]LogModuleManager: Shutting down and abandoning module EditorStyle (186)
[2018.08.12-11.01.53:532][641]LogModuleManager: Shutting down and abandoning module MRMesh (184)
[2018.08.12-11.01.53:532][641]LogModuleManager: Shutting down and abandoning module SourceCodeAccess (182)
[2018.08.12-11.01.53:532][641]LogModuleManager: Shutting down and abandoning module HeadMountedDisplay (180)
[2018.08.12-11.01.53:532][641]LogModuleManager: Shutting down and abandoning module XAudio2 (178)
[2018.08.12-11.01.53:532][641]LogModuleManager: Shutting down and abandoning module Networking (176)
[2018.08.12-11.01.53:532][641]LogModuleManager: Shutting down and abandoning module Core (172)
[2018.08.12-11.01.53:532][641]LogModuleManager: Shutting down and abandoning module LevelSequence (168)
[2018.08.12-11.01.53:532][641]LogModuleManager: Shutting down and abandoning module DirectoryWatcher (166)
[2018.08.12-11.01.53:539][641]LogModuleManager: Shutting down and abandoning module KismetCompiler (164)
[2018.08.12-11.01.53:539][641]LogModuleManager: Shutting down and abandoning module MeshUtilities (162)
[2018.08.12-11.01.53:539][641]LogModuleManager: Shutting down and abandoning module MeshMergeUtilities (161)
[2018.08.12-11.01.53:539][641]LogModuleManager: Shutting down and abandoning module MeshReductionInterface (160)
[2018.08.12-11.01.53:539][641]LogModuleManager: Shutting down and abandoning module SimplygonSwarm (159)
[2018.08.12-11.01.53:539][641]LogModuleManager: Shutting down and abandoning module SimplygonMeshReduction (157)
[2018.08.12-11.01.53:539][641]LogModuleManager: Shutting down and abandoning module QuadricMeshReduction (155)
[2018.08.12-11.01.53:539][641]LogModuleManager: Shutting down and abandoning module MaterialBaking (151)
[2018.08.12-11.01.53:539][641]LogModuleManager: Shutting down and abandoning module DerivedDataCache (148)
[2018.08.12-11.01.53:628][641]LogDerivedDataCache: Shutdown
[2018.08.12-11.01.53:628][641]LogModuleManager: Shutting down and abandoning module TargetPlatform (146)
[2018.08.12-11.01.53:628][641]LogModuleManager: Shutting down and abandoning module VulkanShaderFormat (145)
[2018.08.12-11.01.53:628][641]LogModuleManager: Shutting down and abandoning module ShaderFormatVectorVM (143)
[2018.08.12-11.01.53:628][641]LogModuleManager: Shutting down and abandoning module ShaderFormatOpenGL (141)
[2018.08.12-11.01.53:628][641]LogModuleManager: Shutting down and abandoning module ShaderFormatD3D (139)
[2018.08.12-11.01.53:628][641]LogModuleManager: Shutting down and abandoning module MetalShaderFormat (137)
[2018.08.12-11.01.53:628][641]LogModuleManager: Shutting down and abandoning module TextureFormatUncompressed (135)
[2018.08.12-11.01.53:629][641]LogModuleManager: Shutting down and abandoning module TextureFormatPVR (133)
[2018.08.12-11.01.53:629][641]LogModuleManager: Shutting down and abandoning module TextureFormatDXT (131)
[2018.08.12-11.01.53:629][641]LogModuleManager: Shutting down and abandoning module TextureFormatIntelISPCTexComp (129)
[2018.08.12-11.01.53:629][641]LogModuleManager: Shutting down and abandoning module TextureFormatASTC (127)
[2018.08.12-11.01.53:629][641]LogModuleManager: Shutting down and abandoning module ImageWrapper (126)
[2018.08.12-11.01.53:629][641]LogModuleManager: Shutting down and abandoning module TextureFormatAndroid (123)
[2018.08.12-11.01.53:629][641]LogModuleManager: Shutting down and abandoning module AudioFormatOpus (121)
[2018.08.12-11.01.53:629][641]LogModuleManager: Shutting down and abandoning module AudioFormatOgg (119)
[2018.08.12-11.01.53:629][641]LogModuleManager: Shutting down and abandoning module AudioFormatADPCM (117)
[2018.08.12-11.01.53:629][641]LogModuleManager: Shutting down and abandoning module LinuxTargetPlatform (115)
[2018.08.12-11.01.53:629][641]LogModuleManager: Shutting down and abandoning module LinuxServerTargetPlatform (113)
[2018.08.12-11.01.53:629][641]LogModuleManager: Shutting down and abandoning module LinuxNoEditorTargetPlatform (111)
[2018.08.12-11.01.53:629][641]LogModuleManager: Shutting down and abandoning module LinuxClientTargetPlatform (109)
[2018.08.12-11.01.53:629][641]LogModuleManager: Shutting down and abandoning module TVOSTargetPlatform (107)
[2018.08.12-11.01.53:629][641]LogModuleManager: Shutting down and abandoning module Messaging (105)
[2018.08.12-11.01.53:629][641]LogModuleManager: Shutting down and abandoning module IOSTargetPlatform (103)
[2018.08.12-11.01.53:629][641]LogModuleManager: Shutting down and abandoning module HTML5TargetPlatform (101)
[2018.08.12-11.01.53:629][641]LogModuleManager: Shutting down and abandoning module AndroidTargetPlatform (99)
[2018.08.12-11.01.53:629][641]LogModuleManager: Shutting down and abandoning module Android_PVRTCTargetPlatform (97)
[2018.08.12-11.01.53:629][641]LogModuleManager: Shutting down and abandoning module Android_MultiTargetPlatform (95)
[2018.08.12-11.01.53:629][641]LogModuleManager: Shutting down and abandoning module Android_ETC2TargetPlatform (93)
[2018.08.12-11.01.53:629][641]LogModuleManager: Shutting down and abandoning module Android_ETC1TargetPlatform (91)
[2018.08.12-11.01.53:629][641]LogModuleManager: Shutting down and abandoning module Android_DXTTargetPlatform (89)
[2018.08.12-11.01.53:630][641]LogModuleManager: Shutting down and abandoning module Android_ATCTargetPlatform (87)
[2018.08.12-11.01.53:630][641]LogModuleManager: Shutting down and abandoning module Android_ASTCTargetPlatform (85)
[2018.08.12-11.01.53:630][641]LogModuleManager: Shutting down and abandoning module WindowsTargetPlatform (83)
[2018.08.12-11.01.53:630][641]LogModuleManager: Shutting down and abandoning module WindowsServerTargetPlatform (81)
[2018.08.12-11.01.53:630][641]LogModuleManager: Shutting down and abandoning module WindowsNoEditorTargetPlatform (79)
[2018.08.12-11.01.53:630][641]LogModuleManager: Shutting down and abandoning module WindowsClientTargetPlatform (77)
[2018.08.12-11.01.53:630][641]LogModuleManager: Shutting down and abandoning module MacTargetPlatform (75)
[2018.08.12-11.01.53:630][641]LogModuleManager: Shutting down and abandoning module MacServerTargetPlatform (73)
[2018.08.12-11.01.53:630][641]LogModuleManager: Shutting down and abandoning module MacNoEditorTargetPlatform (71)
[2018.08.12-11.01.53:630][641]LogModuleManager: Shutting down and abandoning module MacClientTargetPlatform (69)
[2018.08.12-11.01.53:630][641]LogModuleManager: Shutting down and abandoning module AllDesktopTargetPlatform (67)
[2018.08.12-11.01.53:630][641]LogModuleManager: Shutting down and abandoning module InputCore (64)
[2018.08.12-11.01.53:630][641]LogModuleManager: Shutting down and abandoning module Settings (62)
[2018.08.12-11.01.53:630][641]LogModuleManager: Shutting down and abandoning module PhysXCooking (60)
[2018.08.12-11.01.53:630][641]LogModuleManager: Shutting down and abandoning module SteamVR (58)
[2018.08.12-11.01.53:630][641]LogModuleManager: Shutting down and abandoning module OculusHMD (56)
[2018.08.12-11.01.53:630][641]LogModuleManager: Shutting down and abandoning module ExampleDeviceProfileSelector (54)
[2018.08.12-11.01.53:630][641]LogModuleManager: Shutting down and abandoning module AppleARKit (52)
[2018.08.12-11.01.53:630][641]LogModuleManager: Shutting down and abandoning module AugmentedReality (51)
[2018.08.12-11.01.53:630][641]LogModuleManager: Shutting down and abandoning module OnlineBlueprintSupport (48)
[2018.08.12-11.01.53:630][641]LogModuleManager: Shutting down and abandoning module OnlineSubsystem (44)
[2018.08.12-11.01.53:630][641]LogModuleManager: Shutting down and abandoning module XMPP (43)
[2018.08.12-11.01.53:630][641]LogModuleManager: Shutting down and abandoning module HTTP (41)
[2018.08.12-11.01.53:630][641]LogHttp: Display: Http module shutting down, but needs to wait on 1 outstanding Http requests:
[2018.08.12-11.01.53:630][641]LogHttp: Display: 	verb=[POST] url=[https://datarouter.ol.epicgames.com/datarouter/api/v1/public/data?SessionID=%7BD0E6D14E-4AA6-53E1-F713-CEBF834BE459%7D&AppID=UEEditor.Rocket.Release&AppVersion=4.18.3-3832480%2B%2B%2BUE4%2BRelease-4.18&UserID=7c572c1e407993bd801ae192cd105281%7Cdb7cd3dec4814f5e8ea5db84f9616610%7Cdcd02a93-c708-49bc-93c2-54308bb9ebe7&AppEnvironment=datacollector-binary&UploadType=eteventstream] status=Processing
[2018.08.12-11.01.53:633][641]LogModuleManager: Shutting down and abandoning module SSL (40)
[2018.08.12-11.01.53:635][641]LogModuleManager: Shutting down and abandoning module AnimationModifiers (36)
[2018.08.12-11.01.53:635][641]LogModuleManager: Shutting down and abandoning module PropertyEditor (35)
[2018.08.12-11.01.53:635][641]LogModuleManager: Shutting down and abandoning module AudioEditor (32)
[2018.08.12-11.01.53:635][641]LogModuleManager: Shutting down and abandoning module TextureCompressor (30)
[2018.08.12-11.01.53:635][641]LogModuleManager: Shutting down and abandoning module ShaderCore (28)
[2018.08.12-11.01.53:635][641]LogModuleManager: Shutting down and abandoning module Landscape (26)
[2018.08.12-11.01.53:636][641]LogModuleManager: Shutting down and abandoning module SlateRHIRenderer (24)
[2018.08.12-11.01.53:643][641]LogModuleManager: Shutting down and abandoning module OpenGLDrv (22)
[2018.08.12-11.01.53:643][641]LogModuleManager: Shutting down and abandoning module D3D11RHI (20)
[2018.08.12-11.01.53:643][641]LogModuleManager: Shutting down and abandoning module AnimGraphRuntime (18)
[2018.08.12-11.01.53:643][641]LogModuleManager: Shutting down and abandoning module Renderer (16)
[2018.08.12-11.01.53:644][641]LogModuleManager: Shutting down and abandoning module Engine (14)
[2018.08.12-11.01.53:644][641]LogModuleManager: Shutting down and abandoning module CoreUObject (12)
[2018.08.12-11.01.53:644][641]LogModuleManager: Shutting down and abandoning module NetworkFile (10)
[2018.08.12-11.01.53:644][641]LogModuleManager: Shutting down and abandoning module CookedIterativeFile (8)
[2018.08.12-11.01.53:644][641]LogModuleManager: Shutting down and abandoning module StreamingFile (6)
[2018.08.12-11.01.53:644][641]LogModuleManager: Shutting down and abandoning module SandboxFile (4)
[2018.08.12-11.01.53:644][641]LogModuleManager: Shutting down and abandoning module PakFile (2)
[2018.08.12-11.01.53:648][641]LogExit: Exiting.
[2018.08.12-11.01.53:669][641]Log file closed, 08/12/18 20:01:53
